TRACE::2025-01-09.03:00:45::SCWPlatform::Trying to open the hw design at C:/Users/User/workspace/design_1_wrapper/hw/design_1_wrapper.xsa
TRACE::2025-01-09.03:00:45::SCWPlatform::DSA given C:/Users/User/workspace/design_1_wrapper/hw/design_1_wrapper.xsa
TRACE::2025-01-09.03:00:45::SCWPlatform::DSA absoulate path C:/Users/User/workspace/design_1_wrapper/hw/design_1_wrapper.xsa
TRACE::2025-01-09.03:00:46::SCWPlatform::DSA directory C:/Users/User/workspace/design_1_wrapper/hw
TRACE::2025-01-09.03:00:46::SCWPlatform:: Platform Path C:/Users/User/workspace/design_1_wrapper/hw/design_1_wrapper.xsa
TRACE::2025-01-09.03:00:46::SCWPlatform:: Unique name xilinx:basys3::0.0
TRACE::2025-01-09.03:00:46::SCWPlatform::Do not have an existing db opened. 
TRACE::2025-01-09.03:00:46::SCWPlatform::Opened new HwDB with name design_1_wrapper_0
TRACE::2025-01-09.03:00:46::SCWWriter::formatted JSON is {
	"platformName":	"design_1_wrapper",
	"sprVersion":	"2.0",
	"mode":	"gui",
	"dsaType":	"Fixed",
	"platformDesc":	"design_1_wrapper",
	"platHandOff":	"C:/Users/User/FPGA_Baremetal/design_1_wrapper.xsa",
	"platIntHandOff":	"<platformDir>/hw/design_1_wrapper.xsa",
	"deviceType":	"FPGA",
	"platIsPrebuiltAutogen":	"false",
	"platIsNoBootBsp":	"false",
	"hasFsblMakeHasChanges":	"false",
	"hasPmufwMakeHasChanges":	"false",
	"platPreBuiltFlag":	false,
	"platformSamplesDir":	""
}
TRACE::2025-01-09.03:00:46::SCWWriter::formatted JSON is {
	"platformName":	"design_1_wrapper",
	"sprVersion":	"2.0",
	"mode":	"gui",
	"dsaType":	"Fixed",
	"platformDesc":	"design_1_wrapper",
	"platHandOff":	"C:/Users/User/FPGA_Baremetal/design_1_wrapper.xsa",
	"platIntHandOff":	"<platformDir>/hw/design_1_wrapper.xsa",
	"deviceType":	"FPGA",
	"platIsPrebuiltAutogen":	"false",
	"platIsNoBootBsp":	"false",
	"hasFsblMakeHasChanges":	"false",
	"hasPmufwMakeHasChanges":	"false",
	"platPreBuiltFlag":	false,
	"platformSamplesDir":	"",
	"platActiveSys":	"design_1_wrapper",
	"systems":	[{
			"systemName":	"design_1_wrapper",
			"systemDesc":	"design_1_wrapper",
			"sysIsBootAutoGen":	"true",
			"systemDispName":	"design_1_wrapper"
		}]
}
TRACE::2025-01-09.03:00:46::SCWPlatform::Boot application domains not present, creating them
TRACE::2025-01-09.03:00:46::SCWPlatform::Pure FPGA device, no boot application will be created.
TRACE::2025-01-09.03:00:46::SCWWriter::formatted JSON is {
	"platformName":	"design_1_wrapper",
	"sprVersion":	"2.0",
	"mode":	"gui",
	"dsaType":	"Fixed",
	"platformDesc":	"design_1_wrapper",
	"platHandOff":	"C:/Users/User/FPGA_Baremetal/design_1_wrapper.xsa",
	"platIntHandOff":	"<platformDir>/hw/design_1_wrapper.xsa",
	"deviceType":	"FPGA",
	"platIsPrebuiltAutogen":	"false",
	"platIsNoBootBsp":	"false",
	"hasFsblMakeHasChanges":	"false",
	"hasPmufwMakeHasChanges":	"false",
	"platPreBuiltFlag":	false,
	"platformSamplesDir":	"",
	"platActiveSys":	"design_1_wrapper",
	"systems":	[{
			"systemName":	"design_1_wrapper",
			"systemDesc":	"design_1_wrapper",
			"sysIsBootAutoGen":	"true",
			"systemDispName":	"design_1_wrapper"
		}]
}
TRACE::2025-01-09.03:00:46::SCWWriter::formatted JSON is {
	"platformName":	"design_1_wrapper",
	"sprVersion":	"2.0",
	"mode":	"gui",
	"dsaType":	"Fixed",
	"platformDesc":	"design_1_wrapper",
	"platHandOff":	"C:/Users/User/FPGA_Baremetal/design_1_wrapper.xsa",
	"platIntHandOff":	"<platformDir>/hw/design_1_wrapper.xsa",
	"deviceType":	"FPGA",
	"platIsPrebuiltAutogen":	"false",
	"platIsNoBootBsp":	"false",
	"hasFsblMakeHasChanges":	"false",
	"hasPmufwMakeHasChanges":	"false",
	"platPreBuiltFlag":	false,
	"platformSamplesDir":	"",
	"platActiveSys":	"design_1_wrapper",
	"systems":	[{
			"systemName":	"design_1_wrapper",
			"systemDesc":	"design_1_wrapper",
			"sysIsBootAutoGen":	"true",
			"systemDispName":	"design_1_wrapper"
		}]
}
TRACE::2025-01-09.03:00:46::SCWPlatform::Trying to open the hw design at C:/Users/User/workspace/design_1_wrapper/hw/design_1_wrapper.xsa
TRACE::2025-01-09.03:00:46::SCWPlatform::DSA given C:/Users/User/workspace/design_1_wrapper/hw/design_1_wrapper.xsa
TRACE::2025-01-09.03:00:46::SCWPlatform::DSA absoulate path C:/Users/User/workspace/design_1_wrapper/hw/design_1_wrapper.xsa
TRACE::2025-01-09.03:00:46::SCWPlatform::DSA directory C:/Users/User/workspace/design_1_wrapper/hw
TRACE::2025-01-09.03:00:46::SCWPlatform:: Platform Path C:/Users/User/workspace/design_1_wrapper/hw/design_1_wrapper.xsa
TRACE::2025-01-09.03:00:46::SCWPlatform:: Unique name xilinx:basys3::0.0
TRACE::2025-01-09.03:00:46::SCWPlatform::Trying to set the existing hwdb with name design_1_wrapper_0
TRACE::2025-01-09.03:00:46::SCWPlatform::Opened existing hwdb design_1_wrapper_0
TRACE::2025-01-09.03:00:46::SCWPlatform::Found the Hw Db part of the input DSA
TRACE::2025-01-09.03:00:46::SCWPlatform::Trying to open the hw design at C:/Users/User/workspace/design_1_wrapper/hw/design_1_wrapper.xsa
TRACE::2025-01-09.03:00:46::SCWPlatform::DSA given C:/Users/User/workspace/design_1_wrapper/hw/design_1_wrapper.xsa
TRACE::2025-01-09.03:00:46::SCWPlatform::DSA absoulate path C:/Users/User/workspace/design_1_wrapper/hw/design_1_wrapper.xsa
TRACE::2025-01-09.03:00:46::SCWPlatform::DSA directory C:/Users/User/workspace/design_1_wrapper/hw
TRACE::2025-01-09.03:00:46::SCWPlatform:: Platform Path C:/Users/User/workspace/design_1_wrapper/hw/design_1_wrapper.xsa
TRACE::2025-01-09.03:00:46::SCWPlatform:: Unique name xilinx:basys3::0.0
TRACE::2025-01-09.03:00:46::SCWPlatform::Trying to set the existing hwdb with name design_1_wrapper_0
TRACE::2025-01-09.03:00:46::SCWPlatform::Opened existing hwdb design_1_wrapper_0
TRACE::2025-01-09.03:00:46::SCWPlatform::Found the Hw Db part of the input DSA
TRACE::2025-01-09.03:00:46::SCWDomain::checking for install qemu data   : 
TRACE::2025-01-09.03:00:46::SCWPlatform::Trying to open the hw design at C:/Users/User/workspace/design_1_wrapper/hw/design_1_wrapper.xsa
TRACE::2025-01-09.03:00:46::SCWPlatform::DSA given C:/Users/User/workspace/design_1_wrapper/hw/design_1_wrapper.xsa
TRACE::2025-01-09.03:00:46::SCWPlatform::DSA absoulate path C:/Users/User/workspace/design_1_wrapper/hw/design_1_wrapper.xsa
TRACE::2025-01-09.03:00:46::SCWPlatform::DSA directory C:/Users/User/workspace/design_1_wrapper/hw
TRACE::2025-01-09.03:00:46::SCWPlatform:: Platform Path C:/Users/User/workspace/design_1_wrapper/hw/design_1_wrapper.xsa
TRACE::2025-01-09.03:00:46::SCWPlatform:: Unique name xilinx:basys3::0.0
TRACE::2025-01-09.03:00:46::SCWPlatform::Trying to set the existing hwdb with name design_1_wrapper_0
TRACE::2025-01-09.03:00:46::SCWPlatform::Opened existing hwdb design_1_wrapper_0
TRACE::2025-01-09.03:00:46::SCWPlatform::Found the Hw Db part of the input DSA
TRACE::2025-01-09.03:00:46::SCWPlatform::Trying to open the hw design at C:/Users/User/workspace/design_1_wrapper/hw/design_1_wrapper.xsa
TRACE::2025-01-09.03:00:46::SCWPlatform::DSA given C:/Users/User/workspace/design_1_wrapper/hw/design_1_wrapper.xsa
TRACE::2025-01-09.03:00:46::SCWPlatform::DSA absoulate path C:/Users/User/workspace/design_1_wrapper/hw/design_1_wrapper.xsa
TRACE::2025-01-09.03:00:46::SCWPlatform::DSA directory C:/Users/User/workspace/design_1_wrapper/hw
TRACE::2025-01-09.03:00:46::SCWPlatform:: Platform Path C:/Users/User/workspace/design_1_wrapper/hw/design_1_wrapper.xsa
TRACE::2025-01-09.03:00:46::SCWPlatform:: Unique name xilinx:basys3::0.0
TRACE::2025-01-09.03:00:46::SCWPlatform::Trying to set the existing hwdb with name design_1_wrapper_0
TRACE::2025-01-09.03:00:46::SCWPlatform::Opened existing hwdb design_1_wrapper_0
TRACE::2025-01-09.03:00:46::SCWPlatform::Found the Hw Db part of the input DSA
TRACE::2025-01-09.03:00:46::SCWPlatform::Trying to open the hw design at C:/Users/User/workspace/design_1_wrapper/hw/design_1_wrapper.xsa
TRACE::2025-01-09.03:00:46::SCWPlatform::DSA given C:/Users/User/workspace/design_1_wrapper/hw/design_1_wrapper.xsa
TRACE::2025-01-09.03:00:46::SCWPlatform::DSA absoulate path C:/Users/User/workspace/design_1_wrapper/hw/design_1_wrapper.xsa
TRACE::2025-01-09.03:00:46::SCWPlatform::DSA directory C:/Users/User/workspace/design_1_wrapper/hw
TRACE::2025-01-09.03:00:46::SCWPlatform:: Platform Path C:/Users/User/workspace/design_1_wrapper/hw/design_1_wrapper.xsa
TRACE::2025-01-09.03:00:46::SCWPlatform:: Unique name xilinx:basys3::0.0
TRACE::2025-01-09.03:00:46::SCWPlatform::Trying to set the existing hwdb with name design_1_wrapper_0
TRACE::2025-01-09.03:00:46::SCWPlatform::Opened existing hwdb design_1_wrapper_0
TRACE::2025-01-09.03:00:46::SCWPlatform::Found the Hw Db part of the input DSA
TRACE::2025-01-09.03:00:46::SCWMssOS::Checking the sw design at  C:/Users/User/workspace/design_1_wrapper/microblaze_0/standalone_microblaze_0/bsp/system.mss
TRACE::2025-01-09.03:00:46::SCWMssOS::DEBUG:  swdes dump  
TRACE::2025-01-09.03:00:46::SCWMssOS::No sw design opened at  C:/Users/User/workspace/design_1_wrapper/microblaze_0/standalone_microblaze_0/bsp/system.mss
TRACE::2025-01-09.03:00:46::SCWMssOS::mss does not exists at C:/Users/User/workspace/design_1_wrapper/microblaze_0/standalone_microblaze_0/bsp/system.mss
TRACE::2025-01-09.03:00:46::SCWMssOS::Creating sw design at  C:/Users/User/workspace/design_1_wrapper/microblaze_0/standalone_microblaze_0/bsp/system.mss
TRACE::2025-01-09.03:00:46::SCWMssOS::Adding the swdes entry, created swdb C:/Users/User/workspace/design_1_wrapper/microblaze_0/standalone_microblaze_0/bsp/system.mss with des name C:/Users/User/workspace/design_1_wrapper/microblaze_0/standalone_microblaze_0/bsp/system.mss
TRACE::2025-01-09.03:00:46::SCWMssOS::updating the scw layer changes to swdes at   C:/Users/User/workspace/design_1_wrapper/microblaze_0/standalone_microblaze_0/bsp/system.mss
TRACE::2025-01-09.03:00:46::SCWMssOS::Writing mss at C:/Users/User/workspace/design_1_wrapper/microblaze_0/standalone_microblaze_0/bsp/system.mss
TRACE::2025-01-09.03:00:46::SCWMssOS::Completed writing the mss file at C:/Users/User/workspace/design_1_wrapper/microblaze_0/standalone_microblaze_0/bsp
TRACE::2025-01-09.03:00:46::SCWMssOS::Picking up changes from newly written mss file into SCW Layer. 
TRACE::2025-01-09.03:00:46::SCWMssOS::Updated the changes from newly written mss file into SCW Layer. 
TRACE::2025-01-09.03:00:46::SCWMssOS::Completed writing the mss file at C:/Users/User/workspace/design_1_wrapper/microblaze_0/standalone_microblaze_0/bsp
TRACE::2025-01-09.03:00:46::SCWMssOS::Forcing BSP Sources regeneration.
TRACE::2025-01-09.03:00:47::SCWMssOS::Saving the mss changes C:/Users/User/workspace/design_1_wrapper/microblaze_0/standalone_microblaze_0/bsp/system.mss
TRACE::2025-01-09.03:00:47::SCWMssOS::Adding the swdes entry, mss present, able to open swdb C:/Users/User/workspace/design_1_wrapper/microblaze_0/standalone_microblaze_0/bsp/system.mss with des name system
TRACE::2025-01-09.03:00:47::SCWMssOS::Writing the mss file completed C:/Users/User/workspace/design_1_wrapper/microblaze_0/standalone_microblaze_0/bsp/system.mss
TRACE::2025-01-09.03:00:47::SCWMssOS::Commit changes completed.
TRACE::2025-01-09.03:00:47::SCWPlatform::Trying to open the hw design at C:/Users/User/workspace/design_1_wrapper/hw/design_1_wrapper.xsa
TRACE::2025-01-09.03:00:47::SCWPlatform::DSA given C:/Users/User/workspace/design_1_wrapper/hw/design_1_wrapper.xsa
TRACE::2025-01-09.03:00:47::SCWPlatform::DSA absoulate path C:/Users/User/workspace/design_1_wrapper/hw/design_1_wrapper.xsa
TRACE::2025-01-09.03:00:47::SCWPlatform::DSA directory C:/Users/User/workspace/design_1_wrapper/hw
TRACE::2025-01-09.03:00:47::SCWPlatform:: Platform Path C:/Users/User/workspace/design_1_wrapper/hw/design_1_wrapper.xsa
TRACE::2025-01-09.03:00:47::SCWPlatform:: Unique name xilinx:basys3::0.0
TRACE::2025-01-09.03:00:47::SCWPlatform::Trying to set the existing hwdb with name design_1_wrapper_0
TRACE::2025-01-09.03:00:47::SCWPlatform::Opened existing hwdb design_1_wrapper_0
TRACE::2025-01-09.03:00:47::SCWPlatform::Found the Hw Db part of the input DSA
TRACE::2025-01-09.03:00:47::SCWMssOS::Checking the sw design at  C:/Users/User/workspace/design_1_wrapper/microblaze_0/standalone_microblaze_0/bsp/system.mss
TRACE::2025-01-09.03:00:47::SCWMssOS::DEBUG:  swdes dump  C:/Users/User/workspace/design_1_wrapper/microblaze_0/standalone_microblaze_0/bsp/system.mss|system||

TRACE::2025-01-09.03:00:47::SCWMssOS::Sw design exists and opened at  C:/Users/User/workspace/design_1_wrapper/microblaze_0/standalone_microblaze_0/bsp/system.mss
TRACE::2025-01-09.03:00:47::SCWPlatform::Trying to open the hw design at C:/Users/User/workspace/design_1_wrapper/hw/design_1_wrapper.xsa
TRACE::2025-01-09.03:00:47::SCWPlatform::DSA given C:/Users/User/workspace/design_1_wrapper/hw/design_1_wrapper.xsa
TRACE::2025-01-09.03:00:47::SCWPlatform::DSA absoulate path C:/Users/User/workspace/design_1_wrapper/hw/design_1_wrapper.xsa
TRACE::2025-01-09.03:00:47::SCWPlatform::DSA directory C:/Users/User/workspace/design_1_wrapper/hw
TRACE::2025-01-09.03:00:47::SCWPlatform:: Platform Path C:/Users/User/workspace/design_1_wrapper/hw/design_1_wrapper.xsa
TRACE::2025-01-09.03:00:47::SCWPlatform:: Unique name xilinx:basys3::0.0
TRACE::2025-01-09.03:00:47::SCWPlatform::Trying to set the existing hwdb with name design_1_wrapper_0
TRACE::2025-01-09.03:00:47::SCWPlatform::Opened existing hwdb design_1_wrapper_0
TRACE::2025-01-09.03:00:47::SCWPlatform::Found the Hw Db part of the input DSA
TRACE::2025-01-09.03:00:47::SCWMssOS::Checking the sw design at  C:/Users/User/workspace/design_1_wrapper/microblaze_0/standalone_microblaze_0/bsp/system.mss
TRACE::2025-01-09.03:00:47::SCWMssOS::DEBUG:  swdes dump  C:/Users/User/workspace/design_1_wrapper/microblaze_0/standalone_microblaze_0/bsp/system.mss|system||

TRACE::2025-01-09.03:00:47::SCWMssOS::Sw design exists and opened at  C:/Users/User/workspace/design_1_wrapper/microblaze_0/standalone_microblaze_0/bsp/system.mss
TRACE::2025-01-09.03:00:47::SCWPlatform::Trying to open the hw design at C:/Users/User/workspace/design_1_wrapper/hw/design_1_wrapper.xsa
TRACE::2025-01-09.03:00:47::SCWPlatform::DSA given C:/Users/User/workspace/design_1_wrapper/hw/design_1_wrapper.xsa
TRACE::2025-01-09.03:00:47::SCWPlatform::DSA absoulate path C:/Users/User/workspace/design_1_wrapper/hw/design_1_wrapper.xsa
TRACE::2025-01-09.03:00:47::SCWPlatform::DSA directory C:/Users/User/workspace/design_1_wrapper/hw
TRACE::2025-01-09.03:00:47::SCWPlatform:: Platform Path C:/Users/User/workspace/design_1_wrapper/hw/design_1_wrapper.xsa
TRACE::2025-01-09.03:00:47::SCWPlatform:: Unique name xilinx:basys3::0.0
TRACE::2025-01-09.03:00:47::SCWPlatform::Trying to set the existing hwdb with name design_1_wrapper_0
TRACE::2025-01-09.03:00:47::SCWPlatform::Opened existing hwdb design_1_wrapper_0
TRACE::2025-01-09.03:00:47::SCWPlatform::Found the Hw Db part of the input DSA
TRACE::2025-01-09.03:00:47::SCWMssOS::Checking the sw design at  C:/Users/User/workspace/design_1_wrapper/microblaze_0/standalone_microblaze_0/bsp/system.mss
TRACE::2025-01-09.03:00:47::SCWMssOS::DEBUG:  swdes dump  C:/Users/User/workspace/design_1_wrapper/microblaze_0/standalone_microblaze_0/bsp/system.mss|system||

TRACE::2025-01-09.03:00:47::SCWMssOS::Sw design exists and opened at  C:/Users/User/workspace/design_1_wrapper/microblaze_0/standalone_microblaze_0/bsp/system.mss
TRACE::2025-01-09.03:00:47::SCWWriter::formatted JSON is {
	"platformName":	"design_1_wrapper",
	"sprVersion":	"2.0",
	"mode":	"gui",
	"dsaType":	"Fixed",
	"platformDesc":	"design_1_wrapper",
	"platHandOff":	"C:/Users/User/FPGA_Baremetal/design_1_wrapper.xsa",
	"platIntHandOff":	"<platformDir>/hw/design_1_wrapper.xsa",
	"deviceType":	"FPGA",
	"platIsPrebuiltAutogen":	"false",
	"platIsNoBootBsp":	"false",
	"hasFsblMakeHasChanges":	"false",
	"hasPmufwMakeHasChanges":	"false",
	"platPreBuiltFlag":	false,
	"platformSamplesDir":	"",
	"platActiveSys":	"design_1_wrapper",
	"systems":	[{
			"systemName":	"design_1_wrapper",
			"systemDesc":	"design_1_wrapper",
			"sysIsBootAutoGen":	"true",
			"systemDispName":	"design_1_wrapper",
			"sysActiveDom":	"standalone_microblaze_0",
			"sysDefaultDom":	"standalone_microblaze_0",
			"domains":	[{
					"domainName":	"standalone_microblaze_0",
					"domainDispName":	"standalone_microblaze_0",
					"domainDesc":	"standalone_microblaze_0",
					"processors":	"microblaze_0",
					"os":	"standalone",
					"sdxOs":	"standalone",
					"debugEnable":	"False",
					"domRuntimes":	["cpp"],
					"swRepo":	"",
					"mssOsVer":	"9.1",
					"mssFile":	"",
					"md5Digest":	"7f5c7e7c0f948bc12fd5740e87e14141",
					"compatibleApp":	"empty_application",
					"domType":	"mssDomain",
					"arch":	"32-bit",
					"appSettings":	{
						"appCompilerFlags":	"",
						"appLinkerFlags":	""
					},
					"addedLibs":	[],
					"libOptions":	{
						"libsContainingOptions":	[]
					},
					"prebuiltLibs":	{
						"prebuiltIncPath":	[],
						"prebuiltLibPath":	[]
					},
					"isolation":	{
					}
				}]
		}]
}
LOG::2025-01-09.03:00:47::SCWPlatform::Started generating the artifacts platform design_1_wrapper
TRACE::2025-01-09.03:00:47::SCWPlatform::Sanity checking of platform is completed
LOG::2025-01-09.03:00:47::SCWPlatform::Started generating the artifacts for system configuration design_1_wrapper
LOG::2025-01-09.03:00:47::SCWSystem::Checking the domain standalone_microblaze_0
LOG::2025-01-09.03:00:47::SCWSystem::Not a boot domain 
LOG::2025-01-09.03:00:47::SCWSystem::Started Processing the domain standalone_microblaze_0
TRACE::2025-01-09.03:00:47::SCWDomain::Generating domain artifcats
TRACE::2025-01-09.03:00:47::SCWMssOS::Generating standalone artifcats
TRACE::2025-01-09.03:00:47::SCWMssOS:: Copying the user libraries. 
TRACE::2025-01-09.03:00:47::SCWPlatform::Trying to open the hw design at C:/Users/User/workspace/design_1_wrapper/hw/design_1_wrapper.xsa
TRACE::2025-01-09.03:00:47::SCWPlatform::DSA given C:/Users/User/workspace/design_1_wrapper/hw/design_1_wrapper.xsa
TRACE::2025-01-09.03:00:47::SCWPlatform::DSA absoulate path C:/Users/User/workspace/design_1_wrapper/hw/design_1_wrapper.xsa
TRACE::2025-01-09.03:00:47::SCWPlatform::DSA directory C:/Users/User/workspace/design_1_wrapper/hw
TRACE::2025-01-09.03:00:47::SCWPlatform:: Platform Path C:/Users/User/workspace/design_1_wrapper/hw/design_1_wrapper.xsa
TRACE::2025-01-09.03:00:47::SCWPlatform:: Unique name xilinx:basys3::0.0
TRACE::2025-01-09.03:00:47::SCWPlatform::Trying to set the existing hwdb with name design_1_wrapper_0
TRACE::2025-01-09.03:00:47::SCWPlatform::Opened existing hwdb design_1_wrapper_0
TRACE::2025-01-09.03:00:47::SCWPlatform::Found the Hw Db part of the input DSA
TRACE::2025-01-09.03:00:47::SCWMssOS::Checking the sw design at  C:/Users/User/workspace/design_1_wrapper/microblaze_0/standalone_microblaze_0/bsp/system.mss
TRACE::2025-01-09.03:00:47::SCWMssOS::DEBUG:  swdes dump  C:/Users/User/workspace/design_1_wrapper/microblaze_0/standalone_microblaze_0/bsp/system.mss|system||

TRACE::2025-01-09.03:00:47::SCWMssOS::Sw design exists and opened at  C:/Users/User/workspace/design_1_wrapper/microblaze_0/standalone_microblaze_0/bsp/system.mss
TRACE::2025-01-09.03:00:47::SCWMssOS::Completed writing the mss file at C:/Users/User/workspace/design_1_wrapper/microblaze_0/standalone_microblaze_0/bsp
TRACE::2025-01-09.03:00:47::SCWMssOS::Mss edits present, copying mssfile into export location C:/Users/User/workspace/design_1_wrapper/microblaze_0/standalone_microblaze_0/bsp/system.mss
TRACE::2025-01-09.03:00:47::SCWMssOS::bsp generated is upto date with the mss file. Skipping bsp generation.
TRACE::2025-01-09.03:00:47::SCWMssOS::BSP is already built. skipping the bsp build ... 
TRACE::2025-01-09.03:00:47::SCWDomain::Skipping the build for domain :  standalone_microblaze_0
TRACE::2025-01-09.03:00:47::SCWMssOS::skipping the bsp build ... 
TRACE::2025-01-09.03:00:47::SCWMssOS::Copying to export directory.
TRACE::2025-01-09.03:00:47::SCWMssOS:: Checking if to create the Supporting Applications
TRACE::2025-01-09.03:00:47::SCWMssOS:: No Linux domain exists, trying to generate FSBL 
LOG::2025-01-09.03:00:47::SCWSystem::Completed Processing the domain standalone_microblaze_0
LOG::2025-01-09.03:00:47::SCWSystem::Completed Processing the sysconfig design_1_wrapper
LOG::2025-01-09.03:00:47::SCWPlatform::Completed generating the artifacts for system configuration design_1_wrapper
TRACE::2025-01-09.03:00:47::SCWPlatform::Started preparing the platform 
TRACE::2025-01-09.03:00:47::SCWSystem::Writing the bif file for system config design_1_wrapper
TRACE::2025-01-09.03:00:47::SCWSystem::dir created 
TRACE::2025-01-09.03:00:47::SCWSystem::Writing the bif 
TRACE::2025-01-09.03:00:47::SCWPlatform::Started writing the spfm file 
TRACE::2025-01-09.03:00:47::SCWPlatform::Started writing the xpfm file 
TRACE::2025-01-09.03:00:47::SCWPlatform::Completed generating the platform
TRACE::2025-01-09.03:00:47::SCWMssOS::Saving the mss changes C:/Users/User/workspace/design_1_wrapper/microblaze_0/standalone_microblaze_0/bsp/system.mss
TRACE::2025-01-09.03:00:47::SCWMssOS::Found a swdesign opened with the mssfile.
TRACE::2025-01-09.03:00:47::SCWMssOS::Completed writemss as part of save.
TRACE::2025-01-09.03:00:47::SCWMssOS::Commit changes completed.
TRACE::2025-01-09.03:00:47::SCWPlatform::Trying to open the hw design at C:/Users/User/workspace/design_1_wrapper/hw/design_1_wrapper.xsa
TRACE::2025-01-09.03:00:47::SCWPlatform::DSA given C:/Users/User/workspace/design_1_wrapper/hw/design_1_wrapper.xsa
TRACE::2025-01-09.03:00:47::SCWPlatform::DSA absoulate path C:/Users/User/workspace/design_1_wrapper/hw/design_1_wrapper.xsa
TRACE::2025-01-09.03:00:47::SCWPlatform::DSA directory C:/Users/User/workspace/design_1_wrapper/hw
TRACE::2025-01-09.03:00:47::SCWPlatform:: Platform Path C:/Users/User/workspace/design_1_wrapper/hw/design_1_wrapper.xsa
TRACE::2025-01-09.03:00:47::SCWPlatform:: Unique name xilinx:basys3::0.0
TRACE::2025-01-09.03:00:47::SCWPlatform::Trying to set the existing hwdb with name design_1_wrapper_0
TRACE::2025-01-09.03:00:47::SCWPlatform::Opened existing hwdb design_1_wrapper_0
TRACE::2025-01-09.03:00:47::SCWPlatform::Found the Hw Db part of the input DSA
TRACE::2025-01-09.03:00:47::SCWMssOS::Checking the sw design at  C:/Users/User/workspace/design_1_wrapper/microblaze_0/standalone_microblaze_0/bsp/system.mss
TRACE::2025-01-09.03:00:47::SCWMssOS::DEBUG:  swdes dump  C:/Users/User/workspace/design_1_wrapper/microblaze_0/standalone_microblaze_0/bsp/system.mss|system||

TRACE::2025-01-09.03:00:47::SCWMssOS::Sw design exists and opened at  C:/Users/User/workspace/design_1_wrapper/microblaze_0/standalone_microblaze_0/bsp/system.mss
TRACE::2025-01-09.03:00:47::SCWPlatform::Trying to open the hw design at C:/Users/User/workspace/design_1_wrapper/hw/design_1_wrapper.xsa
TRACE::2025-01-09.03:00:47::SCWPlatform::DSA given C:/Users/User/workspace/design_1_wrapper/hw/design_1_wrapper.xsa
TRACE::2025-01-09.03:00:47::SCWPlatform::DSA absoulate path C:/Users/User/workspace/design_1_wrapper/hw/design_1_wrapper.xsa
TRACE::2025-01-09.03:00:47::SCWPlatform::DSA directory C:/Users/User/workspace/design_1_wrapper/hw
TRACE::2025-01-09.03:00:47::SCWPlatform:: Platform Path C:/Users/User/workspace/design_1_wrapper/hw/design_1_wrapper.xsa
TRACE::2025-01-09.03:00:47::SCWPlatform:: Unique name xilinx:basys3::0.0
TRACE::2025-01-09.03:00:47::SCWPlatform::Trying to set the existing hwdb with name design_1_wrapper_0
TRACE::2025-01-09.03:00:47::SCWPlatform::Opened existing hwdb design_1_wrapper_0
TRACE::2025-01-09.03:00:47::SCWPlatform::Found the Hw Db part of the input DSA
TRACE::2025-01-09.03:00:47::SCWMssOS::Checking the sw design at  C:/Users/User/workspace/design_1_wrapper/microblaze_0/standalone_microblaze_0/bsp/system.mss
TRACE::2025-01-09.03:00:47::SCWMssOS::DEBUG:  swdes dump  C:/Users/User/workspace/design_1_wrapper/microblaze_0/standalone_microblaze_0/bsp/system.mss|system||

TRACE::2025-01-09.03:00:47::SCWMssOS::Sw design exists and opened at  C:/Users/User/workspace/design_1_wrapper/microblaze_0/standalone_microblaze_0/bsp/system.mss
TRACE::2025-01-09.03:00:47::SCWPlatform::Trying to open the hw design at C:/Users/User/workspace/design_1_wrapper/hw/design_1_wrapper.xsa
TRACE::2025-01-09.03:00:47::SCWPlatform::DSA given C:/Users/User/workspace/design_1_wrapper/hw/design_1_wrapper.xsa
TRACE::2025-01-09.03:00:47::SCWPlatform::DSA absoulate path C:/Users/User/workspace/design_1_wrapper/hw/design_1_wrapper.xsa
TRACE::2025-01-09.03:00:47::SCWPlatform::DSA directory C:/Users/User/workspace/design_1_wrapper/hw
TRACE::2025-01-09.03:00:47::SCWPlatform:: Platform Path C:/Users/User/workspace/design_1_wrapper/hw/design_1_wrapper.xsa
TRACE::2025-01-09.03:00:47::SCWPlatform:: Unique name xilinx:basys3::0.0
TRACE::2025-01-09.03:00:47::SCWPlatform::Trying to set the existing hwdb with name design_1_wrapper_0
TRACE::2025-01-09.03:00:47::SCWPlatform::Opened existing hwdb design_1_wrapper_0
TRACE::2025-01-09.03:00:47::SCWPlatform::Found the Hw Db part of the input DSA
TRACE::2025-01-09.03:00:47::SCWMssOS::Checking the sw design at  C:/Users/User/workspace/design_1_wrapper/microblaze_0/standalone_microblaze_0/bsp/system.mss
TRACE::2025-01-09.03:00:47::SCWMssOS::DEBUG:  swdes dump  C:/Users/User/workspace/design_1_wrapper/microblaze_0/standalone_microblaze_0/bsp/system.mss|system||

TRACE::2025-01-09.03:00:47::SCWMssOS::Sw design exists and opened at  C:/Users/User/workspace/design_1_wrapper/microblaze_0/standalone_microblaze_0/bsp/system.mss
TRACE::2025-01-09.03:00:47::SCWWriter::formatted JSON is {
	"platformName":	"design_1_wrapper",
	"sprVersion":	"2.0",
	"mode":	"gui",
	"dsaType":	"Fixed",
	"platformDesc":	"design_1_wrapper",
	"platHandOff":	"C:/Users/User/FPGA_Baremetal/design_1_wrapper.xsa",
	"platIntHandOff":	"<platformDir>/hw/design_1_wrapper.xsa",
	"deviceType":	"FPGA",
	"platIsPrebuiltAutogen":	"false",
	"platIsNoBootBsp":	"false",
	"hasFsblMakeHasChanges":	"false",
	"hasPmufwMakeHasChanges":	"false",
	"platPreBuiltFlag":	false,
	"platformSamplesDir":	"",
	"platActiveSys":	"design_1_wrapper",
	"systems":	[{
			"systemName":	"design_1_wrapper",
			"systemDesc":	"design_1_wrapper",
			"sysIsBootAutoGen":	"true",
			"systemDispName":	"design_1_wrapper",
			"sysActiveDom":	"standalone_microblaze_0",
			"sysDefaultDom":	"standalone_microblaze_0",
			"domains":	[{
					"domainName":	"standalone_microblaze_0",
					"domainDispName":	"standalone_microblaze_0",
					"domainDesc":	"standalone_microblaze_0",
					"processors":	"microblaze_0",
					"os":	"standalone",
					"sdxOs":	"standalone",
					"debugEnable":	"False",
					"domRuntimes":	["cpp"],
					"swRepo":	"",
					"mssOsVer":	"9.1",
					"mssFile":	"",
					"md5Digest":	"7f5c7e7c0f948bc12fd5740e87e14141",
					"compatibleApp":	"empty_application",
					"domType":	"mssDomain",
					"arch":	"32-bit",
					"appSettings":	{
						"appCompilerFlags":	"",
						"appLinkerFlags":	""
					},
					"addedLibs":	[],
					"libOptions":	{
						"libsContainingOptions":	[]
					},
					"prebuiltLibs":	{
						"prebuiltIncPath":	[],
						"prebuiltLibPath":	[]
					},
					"isolation":	{
					}
				}]
		}]
}
KEYINFO::2025-01-09.03:00:47::SCWPlatform::updated the xpfm file.
TRACE::2025-01-09.03:00:48::SCWPlatform::Trying to open the hw design at C:/Users/User/workspace/design_1_wrapper/hw/design_1_wrapper.xsa
TRACE::2025-01-09.03:00:48::SCWPlatform::DSA given C:/Users/User/workspace/design_1_wrapper/hw/design_1_wrapper.xsa
TRACE::2025-01-09.03:00:48::SCWPlatform::DSA absoulate path C:/Users/User/workspace/design_1_wrapper/hw/design_1_wrapper.xsa
TRACE::2025-01-09.03:00:48::SCWPlatform::DSA directory C:/Users/User/workspace/design_1_wrapper/hw
TRACE::2025-01-09.03:00:48::SCWPlatform:: Platform Path C:/Users/User/workspace/design_1_wrapper/hw/design_1_wrapper.xsa
TRACE::2025-01-09.03:00:48::SCWPlatform:: Unique name xilinx:basys3::0.0
TRACE::2025-01-09.03:00:48::SCWPlatform::Trying to set the existing hwdb with name design_1_wrapper_0
TRACE::2025-01-09.03:00:48::SCWPlatform::Opened existing hwdb design_1_wrapper_0
TRACE::2025-01-09.03:00:48::SCWPlatform::Found the Hw Db part of the input DSA
TRACE::2025-01-09.03:00:48::SCWMssOS::Checking the sw design at  C:/Users/User/workspace/design_1_wrapper/microblaze_0/standalone_microblaze_0/bsp/system.mss
TRACE::2025-01-09.03:00:48::SCWMssOS::DEBUG:  swdes dump  C:/Users/User/workspace/design_1_wrapper/microblaze_0/standalone_microblaze_0/bsp/system.mss|system||

TRACE::2025-01-09.03:00:48::SCWMssOS::Sw design exists and opened at  C:/Users/User/workspace/design_1_wrapper/microblaze_0/standalone_microblaze_0/bsp/system.mss
TRACE::2025-01-09.03:00:48::SCWMssOS::Saving the mss changes C:/Users/User/workspace/design_1_wrapper/microblaze_0/standalone_microblaze_0/bsp/system.mss
TRACE::2025-01-09.03:00:48::SCWMssOS::Found a swdesign opened with the mssfile.
TRACE::2025-01-09.03:00:48::SCWMssOS::Completed writemss as part of save.
TRACE::2025-01-09.03:00:48::SCWMssOS::Commit changes completed.
TRACE::2025-01-09.03:00:48::SCWPlatform::Trying to open the hw design at C:/Users/User/workspace/design_1_wrapper/hw/design_1_wrapper.xsa
TRACE::2025-01-09.03:00:48::SCWPlatform::DSA given C:/Users/User/workspace/design_1_wrapper/hw/design_1_wrapper.xsa
TRACE::2025-01-09.03:00:48::SCWPlatform::DSA absoulate path C:/Users/User/workspace/design_1_wrapper/hw/design_1_wrapper.xsa
TRACE::2025-01-09.03:00:48::SCWPlatform::DSA directory C:/Users/User/workspace/design_1_wrapper/hw
TRACE::2025-01-09.03:00:48::SCWPlatform:: Platform Path C:/Users/User/workspace/design_1_wrapper/hw/design_1_wrapper.xsa
TRACE::2025-01-09.03:00:48::SCWPlatform:: Unique name xilinx:basys3::0.0
TRACE::2025-01-09.03:00:48::SCWPlatform::Trying to set the existing hwdb with name design_1_wrapper_0
TRACE::2025-01-09.03:00:48::SCWPlatform::Opened existing hwdb design_1_wrapper_0
TRACE::2025-01-09.03:00:48::SCWPlatform::Found the Hw Db part of the input DSA
TRACE::2025-01-09.03:00:48::SCWMssOS::Checking the sw design at  C:/Users/User/workspace/design_1_wrapper/microblaze_0/standalone_microblaze_0/bsp/system.mss
TRACE::2025-01-09.03:00:48::SCWMssOS::DEBUG:  swdes dump  C:/Users/User/workspace/design_1_wrapper/microblaze_0/standalone_microblaze_0/bsp/system.mss|system||

TRACE::2025-01-09.03:00:48::SCWMssOS::Sw design exists and opened at  C:/Users/User/workspace/design_1_wrapper/microblaze_0/standalone_microblaze_0/bsp/system.mss
TRACE::2025-01-09.03:00:48::SCWPlatform::Trying to open the hw design at C:/Users/User/workspace/design_1_wrapper/hw/design_1_wrapper.xsa
TRACE::2025-01-09.03:00:48::SCWPlatform::DSA given C:/Users/User/workspace/design_1_wrapper/hw/design_1_wrapper.xsa
TRACE::2025-01-09.03:00:48::SCWPlatform::DSA absoulate path C:/Users/User/workspace/design_1_wrapper/hw/design_1_wrapper.xsa
TRACE::2025-01-09.03:00:48::SCWPlatform::DSA directory C:/Users/User/workspace/design_1_wrapper/hw
TRACE::2025-01-09.03:00:48::SCWPlatform:: Platform Path C:/Users/User/workspace/design_1_wrapper/hw/design_1_wrapper.xsa
TRACE::2025-01-09.03:00:48::SCWPlatform:: Unique name xilinx:basys3::0.0
TRACE::2025-01-09.03:00:48::SCWPlatform::Trying to set the existing hwdb with name design_1_wrapper_0
TRACE::2025-01-09.03:00:48::SCWPlatform::Opened existing hwdb design_1_wrapper_0
TRACE::2025-01-09.03:00:48::SCWPlatform::Found the Hw Db part of the input DSA
TRACE::2025-01-09.03:00:48::SCWMssOS::Checking the sw design at  C:/Users/User/workspace/design_1_wrapper/microblaze_0/standalone_microblaze_0/bsp/system.mss
TRACE::2025-01-09.03:00:48::SCWMssOS::DEBUG:  swdes dump  C:/Users/User/workspace/design_1_wrapper/microblaze_0/standalone_microblaze_0/bsp/system.mss|system||

TRACE::2025-01-09.03:00:48::SCWMssOS::Sw design exists and opened at  C:/Users/User/workspace/design_1_wrapper/microblaze_0/standalone_microblaze_0/bsp/system.mss
TRACE::2025-01-09.03:00:48::SCWPlatform::Trying to open the hw design at C:/Users/User/workspace/design_1_wrapper/hw/design_1_wrapper.xsa
TRACE::2025-01-09.03:00:48::SCWPlatform::DSA given C:/Users/User/workspace/design_1_wrapper/hw/design_1_wrapper.xsa
TRACE::2025-01-09.03:00:48::SCWPlatform::DSA absoulate path C:/Users/User/workspace/design_1_wrapper/hw/design_1_wrapper.xsa
TRACE::2025-01-09.03:00:48::SCWPlatform::DSA directory C:/Users/User/workspace/design_1_wrapper/hw
TRACE::2025-01-09.03:00:48::SCWPlatform:: Platform Path C:/Users/User/workspace/design_1_wrapper/hw/design_1_wrapper.xsa
TRACE::2025-01-09.03:00:48::SCWPlatform:: Unique name xilinx:basys3::0.0
TRACE::2025-01-09.03:00:48::SCWPlatform::Trying to set the existing hwdb with name design_1_wrapper_0
TRACE::2025-01-09.03:00:48::SCWPlatform::Opened existing hwdb design_1_wrapper_0
TRACE::2025-01-09.03:00:48::SCWPlatform::Found the Hw Db part of the input DSA
TRACE::2025-01-09.03:00:48::SCWMssOS::Checking the sw design at  C:/Users/User/workspace/design_1_wrapper/microblaze_0/standalone_microblaze_0/bsp/system.mss
TRACE::2025-01-09.03:00:48::SCWMssOS::DEBUG:  swdes dump  C:/Users/User/workspace/design_1_wrapper/microblaze_0/standalone_microblaze_0/bsp/system.mss|system||

TRACE::2025-01-09.03:00:48::SCWMssOS::Sw design exists and opened at  C:/Users/User/workspace/design_1_wrapper/microblaze_0/standalone_microblaze_0/bsp/system.mss
TRACE::2025-01-09.03:00:48::SCWWriter::formatted JSON is {
	"platformName":	"design_1_wrapper",
	"sprVersion":	"2.0",
	"mode":	"gui",
	"dsaType":	"Fixed",
	"platformDesc":	"design_1_wrapper",
	"platHandOff":	"C:/Users/User/FPGA_Baremetal/design_1_wrapper.xsa",
	"platIntHandOff":	"<platformDir>/hw/design_1_wrapper.xsa",
	"deviceType":	"FPGA",
	"platIsPrebuiltAutogen":	"false",
	"platIsNoBootBsp":	"false",
	"hasFsblMakeHasChanges":	"false",
	"hasPmufwMakeHasChanges":	"false",
	"platPreBuiltFlag":	false,
	"platformSamplesDir":	"",
	"platActiveSys":	"design_1_wrapper",
	"systems":	[{
			"systemName":	"design_1_wrapper",
			"systemDesc":	"design_1_wrapper",
			"sysIsBootAutoGen":	"true",
			"systemDispName":	"design_1_wrapper",
			"sysActiveDom":	"standalone_microblaze_0",
			"sysDefaultDom":	"standalone_microblaze_0",
			"domains":	[{
					"domainName":	"standalone_microblaze_0",
					"domainDispName":	"standalone_microblaze_0",
					"domainDesc":	"standalone_microblaze_0",
					"processors":	"microblaze_0",
					"os":	"standalone",
					"sdxOs":	"standalone",
					"debugEnable":	"False",
					"domRuntimes":	["cpp"],
					"swRepo":	"",
					"mssOsVer":	"9.1",
					"mssFile":	"",
					"md5Digest":	"7f5c7e7c0f948bc12fd5740e87e14141",
					"compatibleApp":	"empty_application",
					"domType":	"mssDomain",
					"arch":	"32-bit",
					"appSettings":	{
						"appCompilerFlags":	"",
						"appLinkerFlags":	""
					},
					"addedLibs":	[],
					"libOptions":	{
						"libsContainingOptions":	[]
					},
					"prebuiltLibs":	{
						"prebuiltIncPath":	[],
						"prebuiltLibPath":	[]
					},
					"isolation":	{
					}
				}]
		}]
}
TRACE::2025-01-09.03:00:48::SCWPlatform::Trying to open the hw design at C:/Users/User/workspace/design_1_wrapper/hw/design_1_wrapper.xsa
TRACE::2025-01-09.03:00:48::SCWPlatform::DSA given C:/Users/User/workspace/design_1_wrapper/hw/design_1_wrapper.xsa
TRACE::2025-01-09.03:00:48::SCWPlatform::DSA absoulate path C:/Users/User/workspace/design_1_wrapper/hw/design_1_wrapper.xsa
TRACE::2025-01-09.03:00:48::SCWPlatform::DSA directory C:/Users/User/workspace/design_1_wrapper/hw
TRACE::2025-01-09.03:00:48::SCWPlatform:: Platform Path C:/Users/User/workspace/design_1_wrapper/hw/design_1_wrapper.xsa
TRACE::2025-01-09.03:00:48::SCWPlatform:: Unique name xilinx:basys3::0.0
TRACE::2025-01-09.03:00:48::SCWPlatform::Trying to set the existing hwdb with name design_1_wrapper_0
TRACE::2025-01-09.03:00:48::SCWPlatform::Opened existing hwdb design_1_wrapper_0
TRACE::2025-01-09.03:00:48::SCWPlatform::Found the Hw Db part of the input DSA
TRACE::2025-01-09.03:00:48::SCWMssOS::Checking the sw design at  C:/Users/User/workspace/design_1_wrapper/microblaze_0/standalone_microblaze_0/bsp/system.mss
TRACE::2025-01-09.03:00:48::SCWMssOS::DEBUG:  swdes dump  C:/Users/User/workspace/design_1_wrapper/microblaze_0/standalone_microblaze_0/bsp/system.mss|system||

TRACE::2025-01-09.03:00:48::SCWMssOS::Sw design exists and opened at  C:/Users/User/workspace/design_1_wrapper/microblaze_0/standalone_microblaze_0/bsp/system.mss
TRACE::2025-01-09.03:00:48::SCWPlatform::Trying to open the hw design at C:/Users/User/workspace/design_1_wrapper/hw/design_1_wrapper.xsa
TRACE::2025-01-09.03:00:48::SCWPlatform::DSA given C:/Users/User/workspace/design_1_wrapper/hw/design_1_wrapper.xsa
TRACE::2025-01-09.03:00:48::SCWPlatform::DSA absoulate path C:/Users/User/workspace/design_1_wrapper/hw/design_1_wrapper.xsa
TRACE::2025-01-09.03:00:48::SCWPlatform::DSA directory C:/Users/User/workspace/design_1_wrapper/hw
TRACE::2025-01-09.03:00:48::SCWPlatform:: Platform Path C:/Users/User/workspace/design_1_wrapper/hw/design_1_wrapper.xsa
TRACE::2025-01-09.03:00:48::SCWPlatform:: Unique name xilinx:basys3::0.0
TRACE::2025-01-09.03:00:48::SCWPlatform::Trying to set the existing hwdb with name design_1_wrapper_0
TRACE::2025-01-09.03:00:48::SCWPlatform::Opened existing hwdb design_1_wrapper_0
TRACE::2025-01-09.03:00:48::SCWPlatform::Found the Hw Db part of the input DSA
TRACE::2025-01-09.03:00:48::SCWMssOS::Checking the sw design at  C:/Users/User/workspace/design_1_wrapper/microblaze_0/standalone_microblaze_0/bsp/system.mss
TRACE::2025-01-09.03:00:48::SCWMssOS::DEBUG:  swdes dump  C:/Users/User/workspace/design_1_wrapper/microblaze_0/standalone_microblaze_0/bsp/system.mss|system||

TRACE::2025-01-09.03:00:48::SCWMssOS::Sw design exists and opened at  C:/Users/User/workspace/design_1_wrapper/microblaze_0/standalone_microblaze_0/bsp/system.mss
TRACE::2025-01-09.03:00:48::SCWMssOS::Saving the mss changes C:/Users/User/workspace/design_1_wrapper/microblaze_0/standalone_microblaze_0/bsp/system.mss
TRACE::2025-01-09.03:00:48::SCWMssOS::Found a swdesign opened with the mssfile.
TRACE::2025-01-09.03:00:48::SCWMssOS::Completed writemss as part of save.
TRACE::2025-01-09.03:00:48::SCWMssOS::Commit changes completed.
TRACE::2025-01-09.03:00:48::SCWPlatform::Trying to open the hw design at C:/Users/User/workspace/design_1_wrapper/hw/design_1_wrapper.xsa
TRACE::2025-01-09.03:00:48::SCWPlatform::DSA given C:/Users/User/workspace/design_1_wrapper/hw/design_1_wrapper.xsa
TRACE::2025-01-09.03:00:48::SCWPlatform::DSA absoulate path C:/Users/User/workspace/design_1_wrapper/hw/design_1_wrapper.xsa
TRACE::2025-01-09.03:00:48::SCWPlatform::DSA directory C:/Users/User/workspace/design_1_wrapper/hw
TRACE::2025-01-09.03:00:48::SCWPlatform:: Platform Path C:/Users/User/workspace/design_1_wrapper/hw/design_1_wrapper.xsa
TRACE::2025-01-09.03:00:48::SCWPlatform:: Unique name xilinx:basys3::0.0
TRACE::2025-01-09.03:00:48::SCWPlatform::Trying to set the existing hwdb with name design_1_wrapper_0
TRACE::2025-01-09.03:00:48::SCWPlatform::Opened existing hwdb design_1_wrapper_0
TRACE::2025-01-09.03:00:48::SCWPlatform::Found the Hw Db part of the input DSA
TRACE::2025-01-09.03:00:48::SCWMssOS::Checking the sw design at  C:/Users/User/workspace/design_1_wrapper/microblaze_0/standalone_microblaze_0/bsp/system.mss
TRACE::2025-01-09.03:00:48::SCWMssOS::DEBUG:  swdes dump  C:/Users/User/workspace/design_1_wrapper/microblaze_0/standalone_microblaze_0/bsp/system.mss|system||

TRACE::2025-01-09.03:00:48::SCWMssOS::Sw design exists and opened at  C:/Users/User/workspace/design_1_wrapper/microblaze_0/standalone_microblaze_0/bsp/system.mss
TRACE::2025-01-09.03:00:48::SCWPlatform::Trying to open the hw design at C:/Users/User/workspace/design_1_wrapper/hw/design_1_wrapper.xsa
TRACE::2025-01-09.03:00:48::SCWPlatform::DSA given C:/Users/User/workspace/design_1_wrapper/hw/design_1_wrapper.xsa
TRACE::2025-01-09.03:00:48::SCWPlatform::DSA absoulate path C:/Users/User/workspace/design_1_wrapper/hw/design_1_wrapper.xsa
TRACE::2025-01-09.03:00:48::SCWPlatform::DSA directory C:/Users/User/workspace/design_1_wrapper/hw
TRACE::2025-01-09.03:00:48::SCWPlatform:: Platform Path C:/Users/User/workspace/design_1_wrapper/hw/design_1_wrapper.xsa
TRACE::2025-01-09.03:00:48::SCWPlatform:: Unique name xilinx:basys3::0.0
TRACE::2025-01-09.03:00:48::SCWPlatform::Trying to set the existing hwdb with name design_1_wrapper_0
TRACE::2025-01-09.03:00:48::SCWPlatform::Opened existing hwdb design_1_wrapper_0
TRACE::2025-01-09.03:00:48::SCWPlatform::Found the Hw Db part of the input DSA
TRACE::2025-01-09.03:00:48::SCWMssOS::Checking the sw design at  C:/Users/User/workspace/design_1_wrapper/microblaze_0/standalone_microblaze_0/bsp/system.mss
TRACE::2025-01-09.03:00:48::SCWMssOS::DEBUG:  swdes dump  C:/Users/User/workspace/design_1_wrapper/microblaze_0/standalone_microblaze_0/bsp/system.mss|system||

TRACE::2025-01-09.03:00:48::SCWMssOS::Sw design exists and opened at  C:/Users/User/workspace/design_1_wrapper/microblaze_0/standalone_microblaze_0/bsp/system.mss
TRACE::2025-01-09.03:00:48::SCWPlatform::Trying to open the hw design at C:/Users/User/workspace/design_1_wrapper/hw/design_1_wrapper.xsa
TRACE::2025-01-09.03:00:48::SCWPlatform::DSA given C:/Users/User/workspace/design_1_wrapper/hw/design_1_wrapper.xsa
TRACE::2025-01-09.03:00:48::SCWPlatform::DSA absoulate path C:/Users/User/workspace/design_1_wrapper/hw/design_1_wrapper.xsa
TRACE::2025-01-09.03:00:48::SCWPlatform::DSA directory C:/Users/User/workspace/design_1_wrapper/hw
TRACE::2025-01-09.03:00:48::SCWPlatform:: Platform Path C:/Users/User/workspace/design_1_wrapper/hw/design_1_wrapper.xsa
TRACE::2025-01-09.03:00:48::SCWPlatform:: Unique name xilinx:basys3::0.0
TRACE::2025-01-09.03:00:48::SCWPlatform::Trying to set the existing hwdb with name design_1_wrapper_0
TRACE::2025-01-09.03:00:48::SCWPlatform::Opened existing hwdb design_1_wrapper_0
TRACE::2025-01-09.03:00:48::SCWPlatform::Found the Hw Db part of the input DSA
TRACE::2025-01-09.03:00:48::SCWMssOS::Checking the sw design at  C:/Users/User/workspace/design_1_wrapper/microblaze_0/standalone_microblaze_0/bsp/system.mss
TRACE::2025-01-09.03:00:48::SCWMssOS::DEBUG:  swdes dump  C:/Users/User/workspace/design_1_wrapper/microblaze_0/standalone_microblaze_0/bsp/system.mss|system||

TRACE::2025-01-09.03:00:48::SCWMssOS::Sw design exists and opened at  C:/Users/User/workspace/design_1_wrapper/microblaze_0/standalone_microblaze_0/bsp/system.mss
TRACE::2025-01-09.03:00:48::SCWWriter::formatted JSON is {
	"platformName":	"design_1_wrapper",
	"sprVersion":	"2.0",
	"mode":	"gui",
	"dsaType":	"Fixed",
	"platformDesc":	"design_1_wrapper",
	"platHandOff":	"C:/Users/User/FPGA_Baremetal/design_1_wrapper.xsa",
	"platIntHandOff":	"<platformDir>/hw/design_1_wrapper.xsa",
	"deviceType":	"FPGA",
	"platIsPrebuiltAutogen":	"false",
	"platIsNoBootBsp":	"false",
	"hasFsblMakeHasChanges":	"false",
	"hasPmufwMakeHasChanges":	"false",
	"platPreBuiltFlag":	false,
	"platformSamplesDir":	"",
	"platActiveSys":	"design_1_wrapper",
	"systems":	[{
			"systemName":	"design_1_wrapper",
			"systemDesc":	"design_1_wrapper",
			"sysIsBootAutoGen":	"true",
			"systemDispName":	"design_1_wrapper",
			"sysActiveDom":	"standalone_microblaze_0",
			"sysDefaultDom":	"standalone_microblaze_0",
			"domains":	[{
					"domainName":	"standalone_microblaze_0",
					"domainDispName":	"standalone_microblaze_0",
					"domainDesc":	"standalone_microblaze_0",
					"processors":	"microblaze_0",
					"os":	"standalone",
					"sdxOs":	"standalone",
					"debugEnable":	"False",
					"domRuntimes":	["cpp"],
					"swRepo":	"",
					"mssOsVer":	"9.1",
					"mssFile":	"",
					"md5Digest":	"7f5c7e7c0f948bc12fd5740e87e14141",
					"compatibleApp":	"empty_application",
					"domType":	"mssDomain",
					"arch":	"32-bit",
					"appSettings":	{
						"appCompilerFlags":	"",
						"appLinkerFlags":	""
					},
					"addedLibs":	[],
					"libOptions":	{
						"libsContainingOptions":	[]
					},
					"prebuiltLibs":	{
						"prebuiltIncPath":	[],
						"prebuiltLibPath":	[]
					},
					"isolation":	{
					}
				}]
		}]
}
LOG::2025-01-09.03:00:48::SCWPlatform::Started generating the artifacts platform design_1_wrapper
TRACE::2025-01-09.03:00:48::SCWPlatform::Sanity checking of platform is completed
LOG::2025-01-09.03:00:48::SCWPlatform::Started generating the artifacts for system configuration design_1_wrapper
LOG::2025-01-09.03:00:48::SCWSystem::Started Processing the domain standalone_microblaze_0
TRACE::2025-01-09.03:00:48::SCWDomain::Generating domain artifcats
TRACE::2025-01-09.03:00:48::SCWMssOS::Generating standalone artifcats
TRACE::2025-01-09.03:00:48::SCWMssOS:: Copying the user libraries. 
TRACE::2025-01-09.03:00:48::SCWPlatform::Trying to open the hw design at C:/Users/User/workspace/design_1_wrapper/hw/design_1_wrapper.xsa
TRACE::2025-01-09.03:00:48::SCWPlatform::DSA given C:/Users/User/workspace/design_1_wrapper/hw/design_1_wrapper.xsa
TRACE::2025-01-09.03:00:48::SCWPlatform::DSA absoulate path C:/Users/User/workspace/design_1_wrapper/hw/design_1_wrapper.xsa
TRACE::2025-01-09.03:00:48::SCWPlatform::DSA directory C:/Users/User/workspace/design_1_wrapper/hw
TRACE::2025-01-09.03:00:48::SCWPlatform:: Platform Path C:/Users/User/workspace/design_1_wrapper/hw/design_1_wrapper.xsa
TRACE::2025-01-09.03:00:48::SCWPlatform:: Unique name xilinx:basys3::0.0
TRACE::2025-01-09.03:00:48::SCWPlatform::Trying to set the existing hwdb with name design_1_wrapper_0
TRACE::2025-01-09.03:00:48::SCWPlatform::Opened existing hwdb design_1_wrapper_0
TRACE::2025-01-09.03:00:48::SCWPlatform::Found the Hw Db part of the input DSA
TRACE::2025-01-09.03:00:48::SCWMssOS::Checking the sw design at  C:/Users/User/workspace/design_1_wrapper/microblaze_0/standalone_microblaze_0/bsp/system.mss
TRACE::2025-01-09.03:00:48::SCWMssOS::DEBUG:  swdes dump  C:/Users/User/workspace/design_1_wrapper/microblaze_0/standalone_microblaze_0/bsp/system.mss|system||

TRACE::2025-01-09.03:00:48::SCWMssOS::Sw design exists and opened at  C:/Users/User/workspace/design_1_wrapper/microblaze_0/standalone_microblaze_0/bsp/system.mss
TRACE::2025-01-09.03:00:48::SCWMssOS::Completed writing the mss file at C:/Users/User/workspace/design_1_wrapper/microblaze_0/standalone_microblaze_0/bsp
TRACE::2025-01-09.03:00:48::SCWMssOS::Mss edits present, copying mssfile into export location C:/Users/User/workspace/design_1_wrapper/microblaze_0/standalone_microblaze_0/bsp/system.mss
TRACE::2025-01-09.03:00:48::SCWMssOS::bsp generated is upto date with the mss file. Skipping bsp generation.
TRACE::2025-01-09.03:00:48::SCWMssOS::BSP is already built. skipping the bsp build ... 
TRACE::2025-01-09.03:00:48::SCWDomain::Building the domain as part of full build :  standalone_microblaze_0
TRACE::2025-01-09.03:00:48::SCWMssOS::skipping the bsp build ... 
TRACE::2025-01-09.03:00:48::SCWMssOS::Copying to export directory.
TRACE::2025-01-09.03:00:48::SCWMssOS:: Checking if to create the Supporting Applications
TRACE::2025-01-09.03:00:48::SCWMssOS:: No Linux domain exists, trying to generate FSBL 
LOG::2025-01-09.03:00:48::SCWSystem::Completed Processing the domain standalone_microblaze_0
LOG::2025-01-09.03:00:48::SCWSystem::Completed Processing the sysconfig design_1_wrapper
LOG::2025-01-09.03:00:48::SCWPlatform::Completed generating the artifacts for system configuration design_1_wrapper
TRACE::2025-01-09.03:00:48::SCWPlatform::Started preparing the platform 
TRACE::2025-01-09.03:00:48::SCWSystem::Writing the bif file for system config design_1_wrapper
TRACE::2025-01-09.03:00:48::SCWSystem::dir created 
TRACE::2025-01-09.03:00:48::SCWSystem::Writing the bif 
TRACE::2025-01-09.03:00:48::SCWPlatform::Started writing the spfm file 
TRACE::2025-01-09.03:00:48::SCWPlatform::Started writing the xpfm file 
TRACE::2025-01-09.03:00:48::SCWPlatform::Completed generating the platform
TRACE::2025-01-09.03:00:48::SCWMssOS::Saving the mss changes C:/Users/User/workspace/design_1_wrapper/microblaze_0/standalone_microblaze_0/bsp/system.mss
TRACE::2025-01-09.03:00:48::SCWMssOS::Found a swdesign opened with the mssfile.
TRACE::2025-01-09.03:00:48::SCWMssOS::Completed writemss as part of save.
TRACE::2025-01-09.03:00:48::SCWMssOS::Commit changes completed.
TRACE::2025-01-09.03:00:48::SCWPlatform::Trying to open the hw design at C:/Users/User/workspace/design_1_wrapper/hw/design_1_wrapper.xsa
TRACE::2025-01-09.03:00:48::SCWPlatform::DSA given C:/Users/User/workspace/design_1_wrapper/hw/design_1_wrapper.xsa
TRACE::2025-01-09.03:00:48::SCWPlatform::DSA absoulate path C:/Users/User/workspace/design_1_wrapper/hw/design_1_wrapper.xsa
TRACE::2025-01-09.03:00:48::SCWPlatform::DSA directory C:/Users/User/workspace/design_1_wrapper/hw
TRACE::2025-01-09.03:00:48::SCWPlatform:: Platform Path C:/Users/User/workspace/design_1_wrapper/hw/design_1_wrapper.xsa
TRACE::2025-01-09.03:00:48::SCWPlatform:: Unique name xilinx:basys3::0.0
TRACE::2025-01-09.03:00:48::SCWPlatform::Trying to set the existing hwdb with name design_1_wrapper_0
TRACE::2025-01-09.03:00:48::SCWPlatform::Opened existing hwdb design_1_wrapper_0
TRACE::2025-01-09.03:00:48::SCWPlatform::Found the Hw Db part of the input DSA
TRACE::2025-01-09.03:00:48::SCWMssOS::Checking the sw design at  C:/Users/User/workspace/design_1_wrapper/microblaze_0/standalone_microblaze_0/bsp/system.mss
TRACE::2025-01-09.03:00:48::SCWMssOS::DEBUG:  swdes dump  C:/Users/User/workspace/design_1_wrapper/microblaze_0/standalone_microblaze_0/bsp/system.mss|system||

TRACE::2025-01-09.03:00:48::SCWMssOS::Sw design exists and opened at  C:/Users/User/workspace/design_1_wrapper/microblaze_0/standalone_microblaze_0/bsp/system.mss
TRACE::2025-01-09.03:00:48::SCWPlatform::Trying to open the hw design at C:/Users/User/workspace/design_1_wrapper/hw/design_1_wrapper.xsa
TRACE::2025-01-09.03:00:48::SCWPlatform::DSA given C:/Users/User/workspace/design_1_wrapper/hw/design_1_wrapper.xsa
TRACE::2025-01-09.03:00:48::SCWPlatform::DSA absoulate path C:/Users/User/workspace/design_1_wrapper/hw/design_1_wrapper.xsa
TRACE::2025-01-09.03:00:48::SCWPlatform::DSA directory C:/Users/User/workspace/design_1_wrapper/hw
TRACE::2025-01-09.03:00:48::SCWPlatform:: Platform Path C:/Users/User/workspace/design_1_wrapper/hw/design_1_wrapper.xsa
TRACE::2025-01-09.03:00:48::SCWPlatform:: Unique name xilinx:basys3::0.0
TRACE::2025-01-09.03:00:48::SCWPlatform::Trying to set the existing hwdb with name design_1_wrapper_0
TRACE::2025-01-09.03:00:48::SCWPlatform::Opened existing hwdb design_1_wrapper_0
TRACE::2025-01-09.03:00:48::SCWPlatform::Found the Hw Db part of the input DSA
TRACE::2025-01-09.03:00:48::SCWMssOS::Checking the sw design at  C:/Users/User/workspace/design_1_wrapper/microblaze_0/standalone_microblaze_0/bsp/system.mss
TRACE::2025-01-09.03:00:48::SCWMssOS::DEBUG:  swdes dump  C:/Users/User/workspace/design_1_wrapper/microblaze_0/standalone_microblaze_0/bsp/system.mss|system||

TRACE::2025-01-09.03:00:48::SCWMssOS::Sw design exists and opened at  C:/Users/User/workspace/design_1_wrapper/microblaze_0/standalone_microblaze_0/bsp/system.mss
TRACE::2025-01-09.03:00:48::SCWPlatform::Trying to open the hw design at C:/Users/User/workspace/design_1_wrapper/hw/design_1_wrapper.xsa
TRACE::2025-01-09.03:00:48::SCWPlatform::DSA given C:/Users/User/workspace/design_1_wrapper/hw/design_1_wrapper.xsa
TRACE::2025-01-09.03:00:48::SCWPlatform::DSA absoulate path C:/Users/User/workspace/design_1_wrapper/hw/design_1_wrapper.xsa
TRACE::2025-01-09.03:00:48::SCWPlatform::DSA directory C:/Users/User/workspace/design_1_wrapper/hw
TRACE::2025-01-09.03:00:48::SCWPlatform:: Platform Path C:/Users/User/workspace/design_1_wrapper/hw/design_1_wrapper.xsa
TRACE::2025-01-09.03:00:48::SCWPlatform:: Unique name xilinx:basys3::0.0
TRACE::2025-01-09.03:00:48::SCWPlatform::Trying to set the existing hwdb with name design_1_wrapper_0
TRACE::2025-01-09.03:00:48::SCWPlatform::Opened existing hwdb design_1_wrapper_0
TRACE::2025-01-09.03:00:48::SCWPlatform::Found the Hw Db part of the input DSA
TRACE::2025-01-09.03:00:48::SCWMssOS::Checking the sw design at  C:/Users/User/workspace/design_1_wrapper/microblaze_0/standalone_microblaze_0/bsp/system.mss
TRACE::2025-01-09.03:00:48::SCWMssOS::DEBUG:  swdes dump  C:/Users/User/workspace/design_1_wrapper/microblaze_0/standalone_microblaze_0/bsp/system.mss|system||

TRACE::2025-01-09.03:00:48::SCWMssOS::Sw design exists and opened at  C:/Users/User/workspace/design_1_wrapper/microblaze_0/standalone_microblaze_0/bsp/system.mss
TRACE::2025-01-09.03:00:48::SCWWriter::formatted JSON is {
	"platformName":	"design_1_wrapper",
	"sprVersion":	"2.0",
	"mode":	"gui",
	"dsaType":	"Fixed",
	"platformDesc":	"design_1_wrapper",
	"platHandOff":	"C:/Users/User/FPGA_Baremetal/design_1_wrapper.xsa",
	"platIntHandOff":	"<platformDir>/hw/design_1_wrapper.xsa",
	"deviceType":	"FPGA",
	"platIsPrebuiltAutogen":	"false",
	"platIsNoBootBsp":	"false",
	"hasFsblMakeHasChanges":	"false",
	"hasPmufwMakeHasChanges":	"false",
	"platPreBuiltFlag":	false,
	"platformSamplesDir":	"",
	"platActiveSys":	"design_1_wrapper",
	"systems":	[{
			"systemName":	"design_1_wrapper",
			"systemDesc":	"design_1_wrapper",
			"sysIsBootAutoGen":	"true",
			"systemDispName":	"design_1_wrapper",
			"sysActiveDom":	"standalone_microblaze_0",
			"sysDefaultDom":	"standalone_microblaze_0",
			"domains":	[{
					"domainName":	"standalone_microblaze_0",
					"domainDispName":	"standalone_microblaze_0",
					"domainDesc":	"standalone_microblaze_0",
					"processors":	"microblaze_0",
					"os":	"standalone",
					"sdxOs":	"standalone",
					"debugEnable":	"False",
					"domRuntimes":	["cpp"],
					"swRepo":	"",
					"mssOsVer":	"9.1",
					"mssFile":	"",
					"md5Digest":	"7f5c7e7c0f948bc12fd5740e87e14141",
					"compatibleApp":	"empty_application",
					"domType":	"mssDomain",
					"arch":	"32-bit",
					"appSettings":	{
						"appCompilerFlags":	"",
						"appLinkerFlags":	""
					},
					"addedLibs":	[],
					"libOptions":	{
						"libsContainingOptions":	[]
					},
					"prebuiltLibs":	{
						"prebuiltIncPath":	[],
						"prebuiltLibPath":	[]
					},
					"isolation":	{
					}
				}]
		}]
}
KEYINFO::2025-01-09.03:00:48::SCWPlatform::updated the xpfm file.
LOG::2025-01-09.03:26:01::SCWPlatform::Started generating the artifacts platform design_1_wrapper
TRACE::2025-01-09.03:26:01::SCWPlatform::Sanity checking of platform is completed
LOG::2025-01-09.03:26:01::SCWPlatform::Started generating the artifacts for system configuration design_1_wrapper
LOG::2025-01-09.03:26:01::SCWSystem::Checking the domain standalone_microblaze_0
LOG::2025-01-09.03:26:01::SCWSystem::Not a boot domain 
LOG::2025-01-09.03:26:01::SCWSystem::Started Processing the domain standalone_microblaze_0
TRACE::2025-01-09.03:26:01::SCWDomain::Generating domain artifcats
TRACE::2025-01-09.03:26:01::SCWMssOS::Generating standalone artifcats
TRACE::2025-01-09.03:26:01::SCWMssOS:: Copying the user libraries. 
TRACE::2025-01-09.03:26:01::SCWPlatform::Trying to open the hw design at C:/Users/User/workspace/design_1_wrapper/hw/design_1_wrapper.xsa
TRACE::2025-01-09.03:26:01::SCWPlatform::DSA given C:/Users/User/workspace/design_1_wrapper/hw/design_1_wrapper.xsa
TRACE::2025-01-09.03:26:01::SCWPlatform::DSA absoulate path C:/Users/User/workspace/design_1_wrapper/hw/design_1_wrapper.xsa
TRACE::2025-01-09.03:26:01::SCWPlatform::DSA directory C:/Users/User/workspace/design_1_wrapper/hw
TRACE::2025-01-09.03:26:01::SCWPlatform:: Platform Path C:/Users/User/workspace/design_1_wrapper/hw/design_1_wrapper.xsa
TRACE::2025-01-09.03:26:01::SCWPlatform:: Unique name xilinx:basys3::0.0
TRACE::2025-01-09.03:26:01::SCWPlatform::Trying to set the existing hwdb with name design_1_wrapper_0
TRACE::2025-01-09.03:26:01::SCWPlatform::Opened existing hwdb design_1_wrapper_0
TRACE::2025-01-09.03:26:01::SCWPlatform::Found the Hw Db part of the input DSA
TRACE::2025-01-09.03:26:01::SCWMssOS::Checking the sw design at  C:/Users/User/workspace/design_1_wrapper/microblaze_0/standalone_microblaze_0/bsp/system.mss
TRACE::2025-01-09.03:26:01::SCWMssOS::DEBUG:  swdes dump  C:/Users/User/workspace/design_1_wrapper/microblaze_0/standalone_microblaze_0/bsp/system.mss|system||

TRACE::2025-01-09.03:26:01::SCWMssOS::Sw design exists and opened at  C:/Users/User/workspace/design_1_wrapper/microblaze_0/standalone_microblaze_0/bsp/system.mss
TRACE::2025-01-09.03:26:01::SCWMssOS::Completed writing the mss file at C:/Users/User/workspace/design_1_wrapper/microblaze_0/standalone_microblaze_0/bsp
TRACE::2025-01-09.03:26:01::SCWMssOS::Mss edits present, copying mssfile into export location C:/Users/User/workspace/design_1_wrapper/microblaze_0/standalone_microblaze_0/bsp/system.mss
TRACE::2025-01-09.03:26:01::SCWMssOS::bsp generated is upto date with the mss file. Skipping bsp generation.
TRACE::2025-01-09.03:26:01::SCWMssOS::BSP is already built. skipping the bsp build ... 
TRACE::2025-01-09.03:26:01::SCWDomain::Building the domain as part of full build :  standalone_microblaze_0
TRACE::2025-01-09.03:26:01::SCWMssOS::doing bsp build ... 
TRACE::2025-01-09.03:26:01::SCWMssOS::System Command Ran  C: & cd  C:/Users/User/workspace/design_1_wrapper/microblaze_0/standalone_microblaze_0/bsp & make 
TRACE::2025-01-09.03:26:01::SCWMssOS::make --no-print-directory seq_libs

TRACE::2025-01-09.03:26:01::SCWMssOS::'Finished building libraries sequentially.'

TRACE::2025-01-09.03:26:01::SCWMssOS::make -j 14 --no-print-directory par_libs

TRACE::2025-01-09.03:26:01::SCWMssOS::"Running Make include in microblaze_0/libsrc/bram_v4_10/src"

TRACE::2025-01-09.03:26:01::SCWMssOS::make -C microblaze_0/libsrc/bram_v4_10/src -s include  "SHELL=CMD" "COMPILER=mb-gcc" "ASSEMBLER=mb-as" "ARCHIVER=mb-ar" "COMPIL
TRACE::2025-01-09.03:26:01::SCWMssOS::ER_FLAGS=  -O2 -c -mcpu=v11.0 -mlittle-endian -mxl-soft-mul" "EXTRA_COMPILER_FLAGS=-g -ffunction-sections -fdata-sections -Wall
TRACE::2025-01-09.03:26:01::SCWMssOS:: -Wextra -fno-tree-loop-distribute-patterns"

TRACE::2025-01-09.03:26:01::SCWMssOS::"Running Make include in microblaze_0/libsrc/cpu_v2_18/src"

TRACE::2025-01-09.03:26:01::SCWMssOS::make -C microblaze_0/libsrc/cpu_v2_18/src -s include  "SHELL=CMD" "COMPILER=mb-gcc" "ASSEMBLER=mb-as" "ARCHIVER=mb-ar" "COMPILE
TRACE::2025-01-09.03:26:01::SCWMssOS::R_FLAGS=  -O2 -c -mcpu=v11.0 -mlittle-endian -mxl-soft-mul" "EXTRA_COMPILER_FLAGS=-g -ffunction-sections -fdata-sections -Wall 
TRACE::2025-01-09.03:26:01::SCWMssOS::-Wextra -fno-tree-loop-distribute-patterns"

TRACE::2025-01-09.03:26:01::SCWMssOS::"Running Make include in microblaze_0/libsrc/gpio_v4_11/src"

TRACE::2025-01-09.03:26:01::SCWMssOS::make -C microblaze_0/libsrc/gpio_v4_11/src -s include  "SHELL=CMD" "COMPILER=mb-gcc" "ASSEMBLER=mb-as" "ARCHIVER=mb-ar" "COMPIL
TRACE::2025-01-09.03:26:01::SCWMssOS::ER_FLAGS=  -O2 -c -mcpu=v11.0 -mlittle-endian -mxl-soft-mul" "EXTRA_COMPILER_FLAGS=-g -ffunction-sections -fdata-sections -Wall
TRACE::2025-01-09.03:26:01::SCWMssOS:: -Wextra -fno-tree-loop-distribute-patterns"

TRACE::2025-01-09.03:26:01::SCWMssOS::"Running Make include in microblaze_0/libsrc/standalone_v9_1/src"

TRACE::2025-01-09.03:26:01::SCWMssOS::make -C microblaze_0/libsrc/standalone_v9_1/src -s include  "SHELL=CMD" "COMPILER=mb-gcc" "ASSEMBLER=mb-as" "ARCHIVER=mb-ar" "C
TRACE::2025-01-09.03:26:01::SCWMssOS::OMPILER_FLAGS=  -O2 -c -mcpu=v11.0 -mlittle-endian -mxl-soft-mul" "EXTRA_COMPILER_FLAGS=-g -ffunction-sections -fdata-sections 
TRACE::2025-01-09.03:26:01::SCWMssOS::-Wall -Wextra -fno-tree-loop-distribute-patterns"

TRACE::2025-01-09.03:26:01::SCWMssOS::"Running Make include in microblaze_0/libsrc/uartlite_v3_10/src"

TRACE::2025-01-09.03:26:01::SCWMssOS::make -C microblaze_0/libsrc/uartlite_v3_10/src -s include  "SHELL=CMD" "COMPILER=mb-gcc" "ASSEMBLER=mb-as" "ARCHIVER=mb-ar" "CO
TRACE::2025-01-09.03:26:01::SCWMssOS::MPILER_FLAGS=  -O2 -c -mcpu=v11.0 -mlittle-endian -mxl-soft-mul" "EXTRA_COMPILER_FLAGS=-g -ffunction-sections -fdata-sections -
TRACE::2025-01-09.03:26:01::SCWMssOS::Wall -Wextra -fno-tree-loop-distribute-patterns"

TRACE::2025-01-09.03:26:01::SCWMssOS::"Running Make libs in microblaze_0/libsrc/bram_v4_10/src"

TRACE::2025-01-09.03:26:01::SCWMssOS::make -C microblaze_0/libsrc/bram_v4_10/src -s libs  "SHELL=CMD" "COMPILER=mb-gcc" "ASSEMBLER=mb-as" "ARCHIVER=mb-ar" "COMPILER_
TRACE::2025-01-09.03:26:01::SCWMssOS::FLAGS=  -O2 -c -mcpu=v11.0 -mlittle-endian -mxl-soft-mul" "EXTRA_COMPILER_FLAGS=-g -ffunction-sections -fdata-sections -Wall -W
TRACE::2025-01-09.03:26:01::SCWMssOS::extra -fno-tree-loop-distribute-patterns"

TRACE::2025-01-09.03:26:01::SCWMssOS::"Running Make libs in microblaze_0/libsrc/cpu_v2_18/src"

TRACE::2025-01-09.03:26:01::SCWMssOS::make -C microblaze_0/libsrc/cpu_v2_18/src -s libs  "SHELL=CMD" "COMPILER=mb-gcc" "ASSEMBLER=mb-as" "ARCHIVER=mb-ar" "COMPILER_F
TRACE::2025-01-09.03:26:01::SCWMssOS::LAGS=  -O2 -c -mcpu=v11.0 -mlittle-endian -mxl-soft-mul" "EXTRA_COMPILER_FLAGS=-g -ffunction-sections -fdata-sections -Wall -We
TRACE::2025-01-09.03:26:01::SCWMssOS::xtra -fno-tree-loop-distribute-patterns"

TRACE::2025-01-09.03:26:01::SCWMssOS::"Running Make libs in microblaze_0/libsrc/gpio_v4_11/src"

TRACE::2025-01-09.03:26:02::SCWMssOS::make -C microblaze_0/libsrc/gpio_v4_11/src -s libs  "SHELL=CMD" "COMPILER=mb-gcc" "ASSEMBLER=mb-as" "ARCHIVER=mb-ar" "COMPILER_
TRACE::2025-01-09.03:26:02::SCWMssOS::FLAGS=  -O2 -c -mcpu=v11.0 -mlittle-endian -mxl-soft-mul" "EXTRA_COMPILER_FLAGS=-g -ffunction-sections -fdata-sections -Wall -W
TRACE::2025-01-09.03:26:02::SCWMssOS::extra -fno-tree-loop-distribute-patterns"

TRACE::2025-01-09.03:26:02::SCWMssOS::"Running Make libs in microblaze_0/libsrc/standalone_v9_1/src"

TRACE::2025-01-09.03:26:02::SCWMssOS::make -C microblaze_0/libsrc/standalone_v9_1/src -s libs  "SHELL=CMD" "COMPILER=mb-gcc" "ASSEMBLER=mb-as" "ARCHIVER=mb-ar" "COMP
TRACE::2025-01-09.03:26:02::SCWMssOS::ILER_FLAGS=  -O2 -c -mcpu=v11.0 -mlittle-endian -mxl-soft-mul" "EXTRA_COMPILER_FLAGS=-g -ffunction-sections -fdata-sections -Wa
TRACE::2025-01-09.03:26:02::SCWMssOS::ll -Wextra -fno-tree-loop-distribute-patterns"

TRACE::2025-01-09.03:26:02::SCWMssOS::"Running Make libs in microblaze_0/libsrc/uartlite_v3_10/src"

TRACE::2025-01-09.03:26:02::SCWMssOS::make -C microblaze_0/libsrc/uartlite_v3_10/src -s libs  "SHELL=CMD" "COMPILER=mb-gcc" "ASSEMBLER=mb-as" "ARCHIVER=mb-ar" "COMPI
TRACE::2025-01-09.03:26:02::SCWMssOS::LER_FLAGS=  -O2 -c -mcpu=v11.0 -mlittle-endian -mxl-soft-mul" "EXTRA_COMPILER_FLAGS=-g -ffunction-sections -fdata-sections -Wal
TRACE::2025-01-09.03:26:02::SCWMssOS::l -Wextra -fno-tree-loop-distribute-patterns"

TRACE::2025-01-09.03:26:03::SCWMssOS::"DEBUG NON_LTO_OBJECTS is ../../../lib/microblaze_interrupt_handler.o"

TRACE::2025-01-09.03:26:03::SCWMssOS::'Finished building libraries parallelly.'

TRACE::2025-01-09.03:26:03::SCWMssOS::make --no-print-directory archive

TRACE::2025-01-09.03:26:03::SCWMssOS::mb-ar -r  microblaze_0/lib/libxil.a microblaze_0/lib/_exit.o microblaze_0/lib/errno.o microblaze_0/lib/fcntl.o microblaze_0/lib
TRACE::2025-01-09.03:26:03::SCWMssOS::/hw_exception_handler.o microblaze_0/lib/inbyte.o microblaze_0/lib/microblaze_disable_dcache.o microblaze_0/lib/microblaze_disa
TRACE::2025-01-09.03:26:03::SCWMssOS::ble_exceptions.o microblaze_0/lib/microblaze_disable_icache.o microblaze_0/lib/microblaze_disable_interrupts.o microblaze_0/lib
TRACE::2025-01-09.03:26:03::SCWMssOS::/microblaze_enable_dcache.o microblaze_0/lib/microblaze_enable_exceptions.o microblaze_0/lib/microblaze_enable_icache.o microbl
TRACE::2025-01-09.03:26:03::SCWMssOS::aze_0/lib/microblaze_enable_interrupts.o microblaze_0/lib/microblaze_exception_handler.o microblaze_0/lib/microblaze_flush_cach
TRACE::2025-01-09.03:26:03::SCWMssOS::e_ext.o microblaze_0/lib/microblaze_flush_cache_ext_range.o microblaze_0/lib/microblaze_flush_dcache.o microblaze_0/lib/microbl
TRACE::2025-01-09.03:26:03::SCWMssOS::aze_flush_dcache_range.o microblaze_0/lib/microblaze_init_dcache_range.o microblaze_0/lib/microblaze_init_icache_range.o microb
TRACE::2025-01-09.03:26:03::SCWMssOS::laze_0/lib/microblaze_interrupt_handler.o microblaze_0/lib/microblaze_interrupts_g.o microblaze_0/lib/microblaze_invalidate_cac
TRACE::2025-01-09.03:26:03::SCWMssOS::he_ext.o microblaze_0/lib/microblaze_invalidate_cache_ext_range.o microblaze_0/lib/microblaze_invalidate_dcache.o microblaze_0/
TRACE::2025-01-09.03:26:03::SCWMssOS::lib/microblaze_invalidate_dcache_range.o microblaze_0/lib/microblaze_invalidate_icache.o microblaze_0/lib/microblaze_invalidate
TRACE::2025-01-09.03:26:03::SCWMssOS::_icache_range.o microblaze_0/lib/microblaze_scrub.o microblaze_0/lib/microblaze_selftest.o microblaze_0/lib/microblaze_sleep.o 
TRACE::2025-01-09.03:26:03::SCWMssOS::microblaze_0/lib/microblaze_update_dcache.o microblaze_0/lib/microblaze_update_icache.o microblaze_0/lib/outbyte.o microblaze_0
TRACE::2025-01-09.03:26:03::SCWMssOS::/lib/print.o microblaze_0/lib/pvr.o microblaze_0/lib/xbram.o microblaze_0/lib/xbram_g.o microblaze_0/lib/xbram_intr.o microblaz
TRACE::2025-01-09.03:26:03::SCWMssOS::e_0/lib/xbram_selftest.o microblaze_0/lib/xbram_sinit.o microblaze_0/lib/xgpio.o microblaze_0/lib/xgpio_extra.o microblaze_0/li
TRACE::2025-01-09.03:26:03::SCWMssOS::b/xgpio_g.o microblaze_0/lib/xgpio_intr.o microblaze_0/lib/xgpio_selftest.o microblaze_0/lib/xgpio_sinit.o microblaze_0/lib/xil
TRACE::2025-01-09.03:26:03::SCWMssOS::_assert.o microblaze_0/lib/xil_cache.o microblaze_0/lib/xil_clocking.o microblaze_0/lib/xil_exception.o microblaze_0/lib/xil_me
TRACE::2025-01-09.03:26:03::SCWMssOS::m.o microblaze_0/lib/xil_misc_psreset_api.o microblaze_0/lib/xil_printf.o microblaze_0/lib/xil_sleepcommon.o microblaze_0/lib/x
TRACE::2025-01-09.03:26:03::SCWMssOS::il_testcache.o microblaze_0/lib/xil_testio.o microblaze_0/lib/xil_testmem.o microblaze_0/lib/xil_util.o microblaze_0/lib/xinter
TRACE::2025-01-09.03:26:03::SCWMssOS::rupt_wrap.o microblaze_0/lib/xio.o microblaze_0/lib/xplatform_info.o microblaze_0/lib/xpm_init.o microblaze_0/lib/xuartlite.o m
TRACE::2025-01-09.03:26:03::SCWMssOS::icroblaze_0/lib/xuartlite_g.o microblaze_0/lib/xuartlite_intr.o microblaze_0/lib/xuartlite_l.o microblaze_0/lib/xuartlite_selft
TRACE::2025-01-09.03:26:03::SCWMssOS::est.o microblaze_0/lib/xuartlite_sinit.o microblaze_0/lib/xuartlite_stats.o

TRACE::2025-01-09.03:26:03::SCWMssOS::'Finished building libraries'

TRACE::2025-01-09.03:26:03::SCWMssOS::Copying to export directory.
TRACE::2025-01-09.03:26:03::SCWMssOS:: Checking if to create the Supporting Applications
TRACE::2025-01-09.03:26:03::SCWMssOS:: No Linux domain exists, trying to generate FSBL 
LOG::2025-01-09.03:26:03::SCWSystem::Completed Processing the domain standalone_microblaze_0
LOG::2025-01-09.03:26:03::SCWSystem::Completed Processing the sysconfig design_1_wrapper
LOG::2025-01-09.03:26:03::SCWPlatform::Completed generating the artifacts for system configuration design_1_wrapper
TRACE::2025-01-09.03:26:03::SCWPlatform::Started preparing the platform 
TRACE::2025-01-09.03:26:03::SCWSystem::Writing the bif file for system config design_1_wrapper
TRACE::2025-01-09.03:26:03::SCWSystem::dir created 
TRACE::2025-01-09.03:26:03::SCWSystem::Writing the bif 
TRACE::2025-01-09.03:26:03::SCWPlatform::Started writing the spfm file 
TRACE::2025-01-09.03:26:03::SCWPlatform::Started writing the xpfm file 
TRACE::2025-01-09.03:26:03::SCWPlatform::Completed generating the platform
TRACE::2025-01-09.03:26:03::SCWMssOS::Saving the mss changes C:/Users/User/workspace/design_1_wrapper/microblaze_0/standalone_microblaze_0/bsp/system.mss
TRACE::2025-01-09.03:26:03::SCWMssOS::Found a swdesign opened with the mssfile.
TRACE::2025-01-09.03:26:03::SCWMssOS::Completed writemss as part of save.
TRACE::2025-01-09.03:26:03::SCWMssOS::Commit changes completed.
TRACE::2025-01-09.03:26:03::SCWPlatform::Trying to open the hw design at C:/Users/User/workspace/design_1_wrapper/hw/design_1_wrapper.xsa
TRACE::2025-01-09.03:26:03::SCWPlatform::DSA given C:/Users/User/workspace/design_1_wrapper/hw/design_1_wrapper.xsa
TRACE::2025-01-09.03:26:03::SCWPlatform::DSA absoulate path C:/Users/User/workspace/design_1_wrapper/hw/design_1_wrapper.xsa
TRACE::2025-01-09.03:26:03::SCWPlatform::DSA directory C:/Users/User/workspace/design_1_wrapper/hw
TRACE::2025-01-09.03:26:03::SCWPlatform:: Platform Path C:/Users/User/workspace/design_1_wrapper/hw/design_1_wrapper.xsa
TRACE::2025-01-09.03:26:03::SCWPlatform:: Unique name xilinx:basys3::0.0
TRACE::2025-01-09.03:26:03::SCWPlatform::Trying to set the existing hwdb with name design_1_wrapper_0
TRACE::2025-01-09.03:26:03::SCWPlatform::Opened existing hwdb design_1_wrapper_0
TRACE::2025-01-09.03:26:03::SCWPlatform::Found the Hw Db part of the input DSA
TRACE::2025-01-09.03:26:03::SCWMssOS::Checking the sw design at  C:/Users/User/workspace/design_1_wrapper/microblaze_0/standalone_microblaze_0/bsp/system.mss
TRACE::2025-01-09.03:26:03::SCWMssOS::DEBUG:  swdes dump  C:/Users/User/workspace/design_1_wrapper/microblaze_0/standalone_microblaze_0/bsp/system.mss|system||

TRACE::2025-01-09.03:26:03::SCWMssOS::Sw design exists and opened at  C:/Users/User/workspace/design_1_wrapper/microblaze_0/standalone_microblaze_0/bsp/system.mss
TRACE::2025-01-09.03:26:03::SCWPlatform::Trying to open the hw design at C:/Users/User/workspace/design_1_wrapper/hw/design_1_wrapper.xsa
TRACE::2025-01-09.03:26:03::SCWPlatform::DSA given C:/Users/User/workspace/design_1_wrapper/hw/design_1_wrapper.xsa
TRACE::2025-01-09.03:26:03::SCWPlatform::DSA absoulate path C:/Users/User/workspace/design_1_wrapper/hw/design_1_wrapper.xsa
TRACE::2025-01-09.03:26:03::SCWPlatform::DSA directory C:/Users/User/workspace/design_1_wrapper/hw
TRACE::2025-01-09.03:26:03::SCWPlatform:: Platform Path C:/Users/User/workspace/design_1_wrapper/hw/design_1_wrapper.xsa
TRACE::2025-01-09.03:26:03::SCWPlatform:: Unique name xilinx:basys3::0.0
TRACE::2025-01-09.03:26:03::SCWPlatform::Trying to set the existing hwdb with name design_1_wrapper_0
TRACE::2025-01-09.03:26:03::SCWPlatform::Opened existing hwdb design_1_wrapper_0
TRACE::2025-01-09.03:26:03::SCWPlatform::Found the Hw Db part of the input DSA
TRACE::2025-01-09.03:26:03::SCWMssOS::Checking the sw design at  C:/Users/User/workspace/design_1_wrapper/microblaze_0/standalone_microblaze_0/bsp/system.mss
TRACE::2025-01-09.03:26:03::SCWMssOS::DEBUG:  swdes dump  C:/Users/User/workspace/design_1_wrapper/microblaze_0/standalone_microblaze_0/bsp/system.mss|system||

TRACE::2025-01-09.03:26:03::SCWMssOS::Sw design exists and opened at  C:/Users/User/workspace/design_1_wrapper/microblaze_0/standalone_microblaze_0/bsp/system.mss
TRACE::2025-01-09.03:26:03::SCWPlatform::Trying to open the hw design at C:/Users/User/workspace/design_1_wrapper/hw/design_1_wrapper.xsa
TRACE::2025-01-09.03:26:03::SCWPlatform::DSA given C:/Users/User/workspace/design_1_wrapper/hw/design_1_wrapper.xsa
TRACE::2025-01-09.03:26:03::SCWPlatform::DSA absoulate path C:/Users/User/workspace/design_1_wrapper/hw/design_1_wrapper.xsa
TRACE::2025-01-09.03:26:03::SCWPlatform::DSA directory C:/Users/User/workspace/design_1_wrapper/hw
TRACE::2025-01-09.03:26:03::SCWPlatform:: Platform Path C:/Users/User/workspace/design_1_wrapper/hw/design_1_wrapper.xsa
TRACE::2025-01-09.03:26:03::SCWPlatform:: Unique name xilinx:basys3::0.0
TRACE::2025-01-09.03:26:03::SCWPlatform::Trying to set the existing hwdb with name design_1_wrapper_0
TRACE::2025-01-09.03:26:03::SCWPlatform::Opened existing hwdb design_1_wrapper_0
TRACE::2025-01-09.03:26:03::SCWPlatform::Found the Hw Db part of the input DSA
TRACE::2025-01-09.03:26:03::SCWMssOS::Checking the sw design at  C:/Users/User/workspace/design_1_wrapper/microblaze_0/standalone_microblaze_0/bsp/system.mss
TRACE::2025-01-09.03:26:03::SCWMssOS::DEBUG:  swdes dump  C:/Users/User/workspace/design_1_wrapper/microblaze_0/standalone_microblaze_0/bsp/system.mss|system||

TRACE::2025-01-09.03:26:03::SCWMssOS::Sw design exists and opened at  C:/Users/User/workspace/design_1_wrapper/microblaze_0/standalone_microblaze_0/bsp/system.mss
TRACE::2025-01-09.03:26:03::SCWWriter::formatted JSON is {
	"platformName":	"design_1_wrapper",
	"sprVersion":	"2.0",
	"mode":	"gui",
	"dsaType":	"Fixed",
	"platformDesc":	"design_1_wrapper",
	"platHandOff":	"C:/Users/User/FPGA_Baremetal/design_1_wrapper.xsa",
	"platIntHandOff":	"<platformDir>/hw/design_1_wrapper.xsa",
	"deviceType":	"FPGA",
	"platIsPrebuiltAutogen":	"false",
	"platIsNoBootBsp":	"false",
	"hasFsblMakeHasChanges":	"false",
	"hasPmufwMakeHasChanges":	"false",
	"platPreBuiltFlag":	false,
	"platformSamplesDir":	"",
	"platActiveSys":	"design_1_wrapper",
	"systems":	[{
			"systemName":	"design_1_wrapper",
			"systemDesc":	"design_1_wrapper",
			"sysIsBootAutoGen":	"true",
			"systemDispName":	"design_1_wrapper",
			"sysActiveDom":	"standalone_microblaze_0",
			"sysDefaultDom":	"standalone_microblaze_0",
			"domains":	[{
					"domainName":	"standalone_microblaze_0",
					"domainDispName":	"standalone_microblaze_0",
					"domainDesc":	"standalone_microblaze_0",
					"processors":	"microblaze_0",
					"os":	"standalone",
					"sdxOs":	"standalone",
					"debugEnable":	"False",
					"domRuntimes":	["cpp"],
					"swRepo":	"",
					"mssOsVer":	"9.1",
					"mssFile":	"",
					"md5Digest":	"7f5c7e7c0f948bc12fd5740e87e14141",
					"compatibleApp":	"empty_application",
					"domType":	"mssDomain",
					"arch":	"32-bit",
					"appSettings":	{
						"appCompilerFlags":	"",
						"appLinkerFlags":	""
					},
					"addedLibs":	[],
					"libOptions":	{
						"libsContainingOptions":	[]
					},
					"prebuiltLibs":	{
						"prebuiltIncPath":	[],
						"prebuiltLibPath":	[]
					},
					"isolation":	{
					}
				}]
		}]
}
KEYINFO::2025-01-09.03:26:03::SCWPlatform::updated the xpfm file.
TRACE::2025-01-09.03:26:04::SCWPlatform::Trying to open the hw design at C:/Users/User/workspace/design_1_wrapper/hw/design_1_wrapper.xsa
TRACE::2025-01-09.03:26:04::SCWPlatform::DSA given C:/Users/User/workspace/design_1_wrapper/hw/design_1_wrapper.xsa
TRACE::2025-01-09.03:26:04::SCWPlatform::DSA absoulate path C:/Users/User/workspace/design_1_wrapper/hw/design_1_wrapper.xsa
TRACE::2025-01-09.03:26:04::SCWPlatform::DSA directory C:/Users/User/workspace/design_1_wrapper/hw
TRACE::2025-01-09.03:26:04::SCWPlatform:: Platform Path C:/Users/User/workspace/design_1_wrapper/hw/design_1_wrapper.xsa
TRACE::2025-01-09.03:26:04::SCWPlatform:: Unique name xilinx:basys3::0.0
TRACE::2025-01-09.03:26:04::SCWPlatform::Trying to set the existing hwdb with name design_1_wrapper_0
TRACE::2025-01-09.03:26:04::SCWPlatform::Opened existing hwdb design_1_wrapper_0
TRACE::2025-01-09.03:26:04::SCWPlatform::Found the Hw Db part of the input DSA
TRACE::2025-01-09.03:26:04::SCWMssOS::Checking the sw design at  C:/Users/User/workspace/design_1_wrapper/microblaze_0/standalone_microblaze_0/bsp/system.mss
TRACE::2025-01-09.03:26:04::SCWMssOS::DEBUG:  swdes dump  C:/Users/User/workspace/design_1_wrapper/microblaze_0/standalone_microblaze_0/bsp/system.mss|system||

TRACE::2025-01-09.03:26:04::SCWMssOS::Sw design exists and opened at  C:/Users/User/workspace/design_1_wrapper/microblaze_0/standalone_microblaze_0/bsp/system.mss
