02:56:01 DEBUG : Logs will be stored at 'C:/Users/User/workspace/IDE.log'.
02:56:05 INFO  : Registering command handlers for Vitis TCF services
02:56:05 INFO  : Launching XSCT server: xsct.bat -n  -interactive C:\Users\User\workspace\temp_xsdb_launch_script.tcl
02:56:05 ERROR : (XSDB Server)'\gnu\microblaze\lin\bin\' is not recognized as an internal or external command,
operable program or batch file.

02:56:05 ERROR : (XSDB Server)'\gnu\microblaze\nt\bin\' is not recognized as an internal or external command,
operable program or batch file.

02:56:05 ERROR : (XSDB Server)'\gnuwin\bin\' is not recognized as an internal or external command,
operable program or batch file.

02:56:06 INFO  : Platform repository initialization has completed.
02:56:08 INFO  : XSCT server has started successfully.
02:56:10 INFO  : Successfully done setting XSCT server connection channel  
02:56:10 INFO  : plnx-install-location is set to ''
02:56:10 INFO  : Successfully done query RDI_DATADIR 
02:56:10 INFO  : Successfully done setting workspace for the tool. 
03:00:47 INFO  : Result from executing command 'getProjects': design_1_wrapper
03:00:47 INFO  : Result from executing command 'getPlatforms': xilinx_vck190_base_202410_1|D:/Xilinx2/Vitis/2024.1/base_platforms/xilinx_vck190_base_202410_1/xilinx_vck190_base_202410_1.xpfm;xilinx_vck190_base_dfx_202410_1|D:/Xilinx2/Vitis/2024.1/base_platforms/xilinx_vck190_base_dfx_202410_1/xilinx_vck190_base_dfx_202410_1.xpfm;xilinx_vek280_base_202410_1|D:/Xilinx2/Vitis/2024.1/base_platforms/xilinx_vek280_base_202410_1/xilinx_vek280_base_202410_1.xpfm;xilinx_vek280_base_bdc_202410_1|D:/Xilinx2/Vitis/2024.1/base_platforms/xilinx_vek280_base_bdc_202410_1/xilinx_vek280_base_bdc_202410_1.xpfm;xilinx_vmk180_base_202410_1|D:/Xilinx2/Vitis/2024.1/base_platforms/xilinx_vmk180_base_202410_1/xilinx_vmk180_base_202410_1.xpfm;xilinx_zcu102_base_202410_1|D:/Xilinx2/Vitis/2024.1/base_platforms/xilinx_zcu102_base_202410_1/xilinx_zcu102_base_202410_1.xpfm;xilinx_zcu102_base_dfx_202410_1|D:/Xilinx2/Vitis/2024.1/base_platforms/xilinx_zcu102_base_dfx_202410_1/xilinx_zcu102_base_dfx_202410_1.xpfm;xilinx_zcu104_base_202410_1|D:/Xilinx2/Vitis/2024.1/base_platforms/xilinx_zcu104_base_202410_1/xilinx_zcu104_base_202410_1.xpfm
03:00:48 WARN  : An unexpected exception occurred in the module 'platform project logging'
03:00:49 INFO  : Platform 'design_1_wrapper' is added to custom repositories.
03:00:51 INFO  : Platform 'design_1_wrapper' is added to custom repositories.
03:26:03 INFO  : Result from executing command 'getProjects': design_1_wrapper
03:26:03 INFO  : Result from executing command 'getPlatforms': design_1_wrapper|C:/Users/User/workspace/design_1_wrapper/export/design_1_wrapper/design_1_wrapper.xpfm;xilinx_vck190_base_202410_1|D:/Xilinx2/Vitis/2024.1/base_platforms/xilinx_vck190_base_202410_1/xilinx_vck190_base_202410_1.xpfm;xilinx_vck190_base_dfx_202410_1|D:/Xilinx2/Vitis/2024.1/base_platforms/xilinx_vck190_base_dfx_202410_1/xilinx_vck190_base_dfx_202410_1.xpfm;xilinx_vek280_base_202410_1|D:/Xilinx2/Vitis/2024.1/base_platforms/xilinx_vek280_base_202410_1/xilinx_vek280_base_202410_1.xpfm;xilinx_vek280_base_bdc_202410_1|D:/Xilinx2/Vitis/2024.1/base_platforms/xilinx_vek280_base_bdc_202410_1/xilinx_vek280_base_bdc_202410_1.xpfm;xilinx_vmk180_base_202410_1|D:/Xilinx2/Vitis/2024.1/base_platforms/xilinx_vmk180_base_202410_1/xilinx_vmk180_base_202410_1.xpfm;xilinx_zcu102_base_202410_1|D:/Xilinx2/Vitis/2024.1/base_platforms/xilinx_zcu102_base_202410_1/xilinx_zcu102_base_202410_1.xpfm;xilinx_zcu102_base_dfx_202410_1|D:/Xilinx2/Vitis/2024.1/base_platforms/xilinx_zcu102_base_dfx_202410_1/xilinx_zcu102_base_dfx_202410_1.xpfm;xilinx_zcu104_base_202410_1|D:/Xilinx2/Vitis/2024.1/base_platforms/xilinx_zcu104_base_202410_1/xilinx_zcu104_base_202410_1.xpfm
03:26:04 INFO  : Checking for BSP changes to sync application flags for project 'pmod_app'...
03:31:17 INFO  : Connected to target on host '127.0.0.1' and port '3121'.
03:31:18 INFO  : Jtag cable 'Digilent Basys3 210183B822BFA' is selected.
03:31:18 INFO  : 'jtag frequency' command is executed.
03:31:18 INFO  : 'targets -set -filter {jtag_cable_name =~ "Digilent Basys3 210183B822BFA" && level==0 && jtag_device_ctx=="jsn-Basys3-210183B822BFA-0362d093-0"}' command is executed.
03:31:19 INFO  : Device configured successfully with "C:/Users/User/workspace/pmod_app/_ide/bitstream/design_1_wrapper.bit"
03:31:19 INFO  : Context for processor 'microblaze_0' is selected.
03:31:19 INFO  : Hardware design and registers information is loaded from 'C:/Users/User/workspace/design_1_wrapper/export/design_1_wrapper/hw/design_1_wrapper.xsa'.
03:31:19 INFO  : 'configparams mdm-detect-bscan-mask 2' command is executed.
03:31:19 INFO  : Context for processor 'microblaze_0' is selected.
03:31:19 INFO  : System reset is completed.
03:31:22 INFO  : 'after 3000' command is executed.
03:31:22 INFO  : Context for processor 'microblaze_0' is selected.
03:31:22 INFO  : The application 'C:/Users/User/workspace/pmod_app/Debug/pmod_app.elf' is downloaded to processor 'microblaze_0'.
03:31:22 INFO  : ----------------XSDB Script----------------
connect -url tcp:127.0.0.1:3121
targets -set -filter {jtag_cable_name =~ "Digilent Basys3 210183B822BFA" && level==0 && jtag_device_ctx=="jsn-Basys3-210183B822BFA-0362d093-0"}
fpga -file C:/Users/User/workspace/pmod_app/_ide/bitstream/design_1_wrapper.bit
targets -set -nocase -filter {name =~ "*microblaze*#0" && bscan=="USER2" }
loadhw -hw C:/Users/User/workspace/design_1_wrapper/export/design_1_wrapper/hw/design_1_wrapper.xsa -regs
configparams mdm-detect-bscan-mask 2
targets -set -nocase -filter {name =~ "*microblaze*#0" && bscan=="USER2" }
rst -system
after 3000
targets -set -nocase -filter {name =~ "*microblaze*#0" && bscan=="USER2" }
dow C:/Users/User/workspace/pmod_app/Debug/pmod_app.elf
----------------End of Script----------------

03:31:22 INFO  : Context for processor 'microblaze_0' is selected.
03:31:22 INFO  : 'con' command is executed.
03:31:22 INFO  : ----------------XSDB Script (After Launch)----------------
targets -set -nocase -filter {name =~ "*microblaze*#0" && bscan=="USER2" }
con
----------------End of Script----------------

03:31:22 INFO  : Launch script is exported to file 'C:\Users\User\workspace\pmod_app_system\_ide\scripts\debugger_pmod_app-default.tcl'
03:40:00 INFO  : Checking for BSP changes to sync application flags for project 'pmod_app'...
03:40:19 INFO  : Disconnected from the channel tcfchan#2.
03:40:20 INFO  : Connected to target on host '127.0.0.1' and port '3121'.
03:40:21 INFO  : Jtag cable 'Digilent Basys3 210183B822BFA' is selected.
03:40:21 INFO  : 'jtag frequency' command is executed.
03:40:21 INFO  : 'targets -set -filter {jtag_cable_name =~ "Digilent Basys3 210183B822BFA" && level==0 && jtag_device_ctx=="jsn-Basys3-210183B822BFA-0362d093-0"}' command is executed.
03:40:22 INFO  : Device configured successfully with "C:/Users/User/workspace/pmod_app/_ide/bitstream/design_1_wrapper.bit"
03:40:22 INFO  : Context for processor 'microblaze_0' is selected.
03:40:22 INFO  : Hardware design and registers information is loaded from 'C:/Users/User/workspace/design_1_wrapper/export/design_1_wrapper/hw/design_1_wrapper.xsa'.
03:40:22 INFO  : 'configparams mdm-detect-bscan-mask 2' command is executed.
03:40:22 INFO  : Context for processor 'microblaze_0' is selected.
03:40:22 INFO  : System reset is completed.
03:40:25 INFO  : 'after 3000' command is executed.
03:40:25 INFO  : Context for processor 'microblaze_0' is selected.
03:40:25 INFO  : The application 'C:/Users/User/workspace/pmod_app/Debug/pmod_app.elf' is downloaded to processor 'microblaze_0'.
03:40:25 INFO  : ----------------XSDB Script----------------
connect -url tcp:127.0.0.1:3121
targets -set -filter {jtag_cable_name =~ "Digilent Basys3 210183B822BFA" && level==0 && jtag_device_ctx=="jsn-Basys3-210183B822BFA-0362d093-0"}
fpga -file C:/Users/User/workspace/pmod_app/_ide/bitstream/design_1_wrapper.bit
targets -set -nocase -filter {name =~ "*microblaze*#0" && bscan=="USER2" }
loadhw -hw C:/Users/User/workspace/design_1_wrapper/export/design_1_wrapper/hw/design_1_wrapper.xsa -regs
configparams mdm-detect-bscan-mask 2
targets -set -nocase -filter {name =~ "*microblaze*#0" && bscan=="USER2" }
rst -system
after 3000
targets -set -nocase -filter {name =~ "*microblaze*#0" && bscan=="USER2" }
dow C:/Users/User/workspace/pmod_app/Debug/pmod_app.elf
----------------End of Script----------------

03:40:25 INFO  : Context for processor 'microblaze_0' is selected.
03:40:25 INFO  : 'con' command is executed.
03:40:25 INFO  : ----------------XSDB Script (After Launch)----------------
targets -set -nocase -filter {name =~ "*microblaze*#0" && bscan=="USER2" }
con
----------------End of Script----------------

03:40:25 INFO  : Launch script is exported to file 'C:\Users\User\workspace\pmod_app_system\_ide\scripts\debugger_pmod_app-default.tcl'
03:42:37 INFO  : Checking for BSP changes to sync application flags for project 'pmod_app'...
03:42:47 INFO  : Disconnected from the channel tcfchan#3.
03:42:48 INFO  : Connected to target on host '127.0.0.1' and port '3121'.
03:42:57 INFO  : ----------------XSDB Script----------------
connect -url tcp:127.0.0.1:3121
----------------End of Script----------------

03:42:57 ERROR : Could not find FPGA device on the board for connection 'Local'.


Troubleshooting hints:
1. Check whether board is connected to system properly.
2. In case of zynq board, check whether Digilent/Xilinx cable switch settings are correct.
3. If you are using Xilinx Platform Cable USB, ensure that status LED is green.
03:43:07 INFO  : Connected to target on host '127.0.0.1' and port '3121'.
03:43:07 INFO  : Jtag cable 'Digilent Basys3 210183B822BFA' is selected.
03:43:07 INFO  : 'jtag frequency' command is executed.
03:43:07 INFO  : 'targets -set -filter {jtag_cable_name =~ "Digilent Basys3 210183B822BFA" && level==0 && jtag_device_ctx=="jsn-Basys3-210183B822BFA-0362d093-0"}' command is executed.
03:43:08 INFO  : Device configured successfully with "C:/Users/User/workspace/pmod_app/_ide/bitstream/design_1_wrapper.bit"
03:43:08 INFO  : Context for processor 'microblaze_0' is selected.
03:43:08 INFO  : Hardware design and registers information is loaded from 'C:/Users/User/workspace/design_1_wrapper/export/design_1_wrapper/hw/design_1_wrapper.xsa'.
03:43:08 INFO  : 'configparams mdm-detect-bscan-mask 2' command is executed.
03:43:08 INFO  : Context for processor 'microblaze_0' is selected.
03:43:08 INFO  : System reset is completed.
03:43:11 INFO  : 'after 3000' command is executed.
03:43:11 INFO  : Context for processor 'microblaze_0' is selected.
03:43:11 INFO  : The application 'C:/Users/User/workspace/pmod_app/Debug/pmod_app.elf' is downloaded to processor 'microblaze_0'.
03:43:11 INFO  : ----------------XSDB Script----------------
connect -url tcp:127.0.0.1:3121
targets -set -filter {jtag_cable_name =~ "Digilent Basys3 210183B822BFA" && level==0 && jtag_device_ctx=="jsn-Basys3-210183B822BFA-0362d093-0"}
fpga -file C:/Users/User/workspace/pmod_app/_ide/bitstream/design_1_wrapper.bit
targets -set -nocase -filter {name =~ "*microblaze*#0" && bscan=="USER2" }
loadhw -hw C:/Users/User/workspace/design_1_wrapper/export/design_1_wrapper/hw/design_1_wrapper.xsa -regs
configparams mdm-detect-bscan-mask 2
targets -set -nocase -filter {name =~ "*microblaze*#0" && bscan=="USER2" }
rst -system
after 3000
targets -set -nocase -filter {name =~ "*microblaze*#0" && bscan=="USER2" }
dow C:/Users/User/workspace/pmod_app/Debug/pmod_app.elf
----------------End of Script----------------

03:43:11 INFO  : Context for processor 'microblaze_0' is selected.
03:43:11 INFO  : 'con' command is executed.
03:43:11 INFO  : ----------------XSDB Script (After Launch)----------------
targets -set -nocase -filter {name =~ "*microblaze*#0" && bscan=="USER2" }
con
----------------End of Script----------------

03:43:11 INFO  : Launch script is exported to file 'C:\Users\User\workspace\pmod_app_system\_ide\scripts\debugger_pmod_app-default.tcl'
03:43:38 INFO  : Checking for BSP changes to sync application flags for project 'pmod_app'...
03:43:52 INFO  : Disconnected from the channel tcfchan#4.
03:43:53 INFO  : Connected to target on host '127.0.0.1' and port '3121'.
03:43:53 INFO  : Jtag cable 'Digilent Basys3 210183B822BFA' is selected.
03:43:53 INFO  : 'jtag frequency' command is executed.
03:43:53 INFO  : 'targets -set -filter {jtag_cable_name =~ "Digilent Basys3 210183B822BFA" && level==0 && jtag_device_ctx=="jsn-Basys3-210183B822BFA-0362d093-0"}' command is executed.
03:43:54 INFO  : Device configured successfully with "C:/Users/User/workspace/pmod_app/_ide/bitstream/design_1_wrapper.bit"
03:43:54 INFO  : Context for processor 'microblaze_0' is selected.
03:43:54 INFO  : Hardware design and registers information is loaded from 'C:/Users/User/workspace/design_1_wrapper/export/design_1_wrapper/hw/design_1_wrapper.xsa'.
03:43:54 INFO  : 'configparams mdm-detect-bscan-mask 2' command is executed.
03:43:54 INFO  : Context for processor 'microblaze_0' is selected.
03:43:54 INFO  : System reset is completed.
03:43:57 INFO  : 'after 3000' command is executed.
03:43:57 INFO  : Context for processor 'microblaze_0' is selected.
03:43:57 INFO  : The application 'C:/Users/User/workspace/pmod_app/Debug/pmod_app.elf' is downloaded to processor 'microblaze_0'.
03:43:57 INFO  : ----------------XSDB Script----------------
connect -url tcp:127.0.0.1:3121
targets -set -filter {jtag_cable_name =~ "Digilent Basys3 210183B822BFA" && level==0 && jtag_device_ctx=="jsn-Basys3-210183B822BFA-0362d093-0"}
fpga -file C:/Users/User/workspace/pmod_app/_ide/bitstream/design_1_wrapper.bit
targets -set -nocase -filter {name =~ "*microblaze*#0" && bscan=="USER2" }
loadhw -hw C:/Users/User/workspace/design_1_wrapper/export/design_1_wrapper/hw/design_1_wrapper.xsa -regs
configparams mdm-detect-bscan-mask 2
targets -set -nocase -filter {name =~ "*microblaze*#0" && bscan=="USER2" }
rst -system
after 3000
targets -set -nocase -filter {name =~ "*microblaze*#0" && bscan=="USER2" }
dow C:/Users/User/workspace/pmod_app/Debug/pmod_app.elf
----------------End of Script----------------

03:43:57 INFO  : Context for processor 'microblaze_0' is selected.
03:43:57 INFO  : 'con' command is executed.
03:43:57 INFO  : ----------------XSDB Script (After Launch)----------------
targets -set -nocase -filter {name =~ "*microblaze*#0" && bscan=="USER2" }
con
----------------End of Script----------------

03:43:57 INFO  : Launch script is exported to file 'C:\Users\User\workspace\pmod_app_system\_ide\scripts\debugger_pmod_app-default.tcl'
03:45:18 INFO  : Checking for BSP changes to sync application flags for project 'pmod_app'...
03:45:26 INFO  : Disconnected from the channel tcfchan#5.
03:45:27 INFO  : Connected to target on host '127.0.0.1' and port '3121'.
03:45:36 INFO  : ----------------XSDB Script----------------
connect -url tcp:127.0.0.1:3121
----------------End of Script----------------

03:45:36 ERROR : Could not find FPGA device on the board for connection 'Local'.


Troubleshooting hints:
1. Check whether board is connected to system properly.
2. In case of zynq board, check whether Digilent/Xilinx cable switch settings are correct.
3. If you are using Xilinx Platform Cable USB, ensure that status LED is green.
03:45:46 INFO  : Connected to target on host '127.0.0.1' and port '3121'.
03:45:46 INFO  : Jtag cable 'Digilent Basys3 210183B822BFA' is selected.
03:45:46 INFO  : 'jtag frequency' command is executed.
03:45:46 INFO  : 'targets -set -filter {jtag_cable_name =~ "Digilent Basys3 210183B822BFA" && level==0 && jtag_device_ctx=="jsn-Basys3-210183B822BFA-0362d093-0"}' command is executed.
03:45:47 INFO  : Device configured successfully with "C:/Users/User/workspace/pmod_app/_ide/bitstream/design_1_wrapper.bit"
03:45:47 INFO  : Context for processor 'microblaze_0' is selected.
03:45:47 INFO  : Hardware design and registers information is loaded from 'C:/Users/User/workspace/design_1_wrapper/export/design_1_wrapper/hw/design_1_wrapper.xsa'.
03:45:47 INFO  : 'configparams mdm-detect-bscan-mask 2' command is executed.
03:45:47 INFO  : Context for processor 'microblaze_0' is selected.
03:45:47 INFO  : System reset is completed.
03:45:50 INFO  : 'after 3000' command is executed.
03:45:50 INFO  : Context for processor 'microblaze_0' is selected.
03:45:50 INFO  : The application 'C:/Users/User/workspace/pmod_app/Debug/pmod_app.elf' is downloaded to processor 'microblaze_0'.
03:45:50 INFO  : ----------------XSDB Script----------------
connect -url tcp:127.0.0.1:3121
targets -set -filter {jtag_cable_name =~ "Digilent Basys3 210183B822BFA" && level==0 && jtag_device_ctx=="jsn-Basys3-210183B822BFA-0362d093-0"}
fpga -file C:/Users/User/workspace/pmod_app/_ide/bitstream/design_1_wrapper.bit
targets -set -nocase -filter {name =~ "*microblaze*#0" && bscan=="USER2" }
loadhw -hw C:/Users/User/workspace/design_1_wrapper/export/design_1_wrapper/hw/design_1_wrapper.xsa -regs
configparams mdm-detect-bscan-mask 2
targets -set -nocase -filter {name =~ "*microblaze*#0" && bscan=="USER2" }
rst -system
after 3000
targets -set -nocase -filter {name =~ "*microblaze*#0" && bscan=="USER2" }
dow C:/Users/User/workspace/pmod_app/Debug/pmod_app.elf
----------------End of Script----------------

03:45:50 INFO  : Context for processor 'microblaze_0' is selected.
03:45:50 INFO  : 'con' command is executed.
03:45:50 INFO  : ----------------XSDB Script (After Launch)----------------
targets -set -nocase -filter {name =~ "*microblaze*#0" && bscan=="USER2" }
con
----------------End of Script----------------

03:45:50 INFO  : Launch script is exported to file 'C:\Users\User\workspace\pmod_app_system\_ide\scripts\debugger_pmod_app-default.tcl'
03:46:28 INFO  : Checking for BSP changes to sync application flags for project 'pmod_app'...
03:46:37 INFO  : Disconnected from the channel tcfchan#6.
03:46:38 INFO  : Connected to target on host '127.0.0.1' and port '3121'.
03:46:47 INFO  : ----------------XSDB Script----------------
connect -url tcp:127.0.0.1:3121
----------------End of Script----------------

03:46:47 ERROR : Could not find FPGA device on the board for connection 'Local'.


Troubleshooting hints:
1. Check whether board is connected to system properly.
2. In case of zynq board, check whether Digilent/Xilinx cable switch settings are correct.
3. If you are using Xilinx Platform Cable USB, ensure that status LED is green.
03:46:53 INFO  : Connected to target on host '127.0.0.1' and port '3121'.
03:46:53 INFO  : Jtag cable 'Digilent Basys3 210183B822BFA' is selected.
03:46:53 INFO  : 'jtag frequency' command is executed.
03:46:54 INFO  : 'targets -set -filter {jtag_cable_name =~ "Digilent Basys3 210183B822BFA" && level==0 && jtag_device_ctx=="jsn-Basys3-210183B822BFA-0362d093-0"}' command is executed.
03:46:55 INFO  : Device configured successfully with "C:/Users/User/workspace/pmod_app/_ide/bitstream/design_1_wrapper.bit"
03:46:55 INFO  : Context for processor 'microblaze_0' is selected.
03:46:55 INFO  : Hardware design and registers information is loaded from 'C:/Users/User/workspace/design_1_wrapper/export/design_1_wrapper/hw/design_1_wrapper.xsa'.
03:46:55 INFO  : 'configparams mdm-detect-bscan-mask 2' command is executed.
03:46:55 INFO  : Context for processor 'microblaze_0' is selected.
03:46:55 INFO  : System reset is completed.
03:46:58 INFO  : 'after 3000' command is executed.
03:46:58 INFO  : Context for processor 'microblaze_0' is selected.
03:46:58 INFO  : The application 'C:/Users/User/workspace/pmod_app/Debug/pmod_app.elf' is downloaded to processor 'microblaze_0'.
03:46:58 INFO  : ----------------XSDB Script----------------
connect -url tcp:127.0.0.1:3121
targets -set -filter {jtag_cable_name =~ "Digilent Basys3 210183B822BFA" && level==0 && jtag_device_ctx=="jsn-Basys3-210183B822BFA-0362d093-0"}
fpga -file C:/Users/User/workspace/pmod_app/_ide/bitstream/design_1_wrapper.bit
targets -set -nocase -filter {name =~ "*microblaze*#0" && bscan=="USER2" }
loadhw -hw C:/Users/User/workspace/design_1_wrapper/export/design_1_wrapper/hw/design_1_wrapper.xsa -regs
configparams mdm-detect-bscan-mask 2
targets -set -nocase -filter {name =~ "*microblaze*#0" && bscan=="USER2" }
rst -system
after 3000
targets -set -nocase -filter {name =~ "*microblaze*#0" && bscan=="USER2" }
dow C:/Users/User/workspace/pmod_app/Debug/pmod_app.elf
----------------End of Script----------------

03:46:58 INFO  : Context for processor 'microblaze_0' is selected.
03:46:58 INFO  : 'con' command is executed.
03:46:58 INFO  : ----------------XSDB Script (After Launch)----------------
targets -set -nocase -filter {name =~ "*microblaze*#0" && bscan=="USER2" }
con
----------------End of Script----------------

03:46:58 INFO  : Launch script is exported to file 'C:\Users\User\workspace\pmod_app_system\_ide\scripts\debugger_pmod_app-default.tcl'
03:48:25 INFO  : Checking for BSP changes to sync application flags for project 'pmod_app'...
03:48:40 INFO  : Disconnected from the channel tcfchan#7.
03:48:41 INFO  : Connected to target on host '127.0.0.1' and port '3121'.
03:48:50 INFO  : ----------------XSDB Script----------------
connect -url tcp:127.0.0.1:3121
----------------End of Script----------------

03:48:50 ERROR : Could not find FPGA device on the board for connection 'Local'.


Troubleshooting hints:
1. Check whether board is connected to system properly.
2. In case of zynq board, check whether Digilent/Xilinx cable switch settings are correct.
3. If you are using Xilinx Platform Cable USB, ensure that status LED is green.
03:48:55 INFO  : Connected to target on host '127.0.0.1' and port '3121'.
03:48:55 INFO  : Jtag cable 'Digilent Basys3 210183B822BFA' is selected.
03:48:55 INFO  : 'jtag frequency' command is executed.
03:48:55 INFO  : 'targets -set -filter {jtag_cable_name =~ "Digilent Basys3 210183B822BFA" && level==0 && jtag_device_ctx=="jsn-Basys3-210183B822BFA-0362d093-0"}' command is executed.
03:48:57 INFO  : Device configured successfully with "C:/Users/User/workspace/pmod_app/_ide/bitstream/design_1_wrapper.bit"
03:48:57 INFO  : Context for processor 'microblaze_0' is selected.
03:48:57 INFO  : Hardware design and registers information is loaded from 'C:/Users/User/workspace/design_1_wrapper/export/design_1_wrapper/hw/design_1_wrapper.xsa'.
03:48:57 INFO  : 'configparams mdm-detect-bscan-mask 2' command is executed.
03:48:57 INFO  : Context for processor 'microblaze_0' is selected.
03:48:57 INFO  : System reset is completed.
03:49:00 INFO  : 'after 3000' command is executed.
03:49:00 INFO  : Context for processor 'microblaze_0' is selected.
03:49:00 INFO  : The application 'C:/Users/User/workspace/pmod_app/Debug/pmod_app.elf' is downloaded to processor 'microblaze_0'.
03:49:00 INFO  : ----------------XSDB Script----------------
connect -url tcp:127.0.0.1:3121
targets -set -filter {jtag_cable_name =~ "Digilent Basys3 210183B822BFA" && level==0 && jtag_device_ctx=="jsn-Basys3-210183B822BFA-0362d093-0"}
fpga -file C:/Users/User/workspace/pmod_app/_ide/bitstream/design_1_wrapper.bit
targets -set -nocase -filter {name =~ "*microblaze*#0" && bscan=="USER2" }
loadhw -hw C:/Users/User/workspace/design_1_wrapper/export/design_1_wrapper/hw/design_1_wrapper.xsa -regs
configparams mdm-detect-bscan-mask 2
targets -set -nocase -filter {name =~ "*microblaze*#0" && bscan=="USER2" }
rst -system
after 3000
targets -set -nocase -filter {name =~ "*microblaze*#0" && bscan=="USER2" }
dow C:/Users/User/workspace/pmod_app/Debug/pmod_app.elf
----------------End of Script----------------

03:49:00 INFO  : Context for processor 'microblaze_0' is selected.
03:49:00 INFO  : 'con' command is executed.
03:49:00 INFO  : ----------------XSDB Script (After Launch)----------------
targets -set -nocase -filter {name =~ "*microblaze*#0" && bscan=="USER2" }
con
----------------End of Script----------------

03:49:00 INFO  : Launch script is exported to file 'C:\Users\User\workspace\pmod_app_system\_ide\scripts\debugger_pmod_app-default.tcl'
03:53:31 INFO  : Checking for BSP changes to sync application flags for project 'pmod_app'...
03:55:06 INFO  : Disconnected from the channel tcfchan#8.
03:55:07 INFO  : Connected to target on host '127.0.0.1' and port '3121'.
03:55:17 INFO  : ----------------XSDB Script----------------
connect -url tcp:127.0.0.1:3121
----------------End of Script----------------

03:55:17 ERROR : Could not find FPGA device on the board for connection 'Local'.


Troubleshooting hints:
1. Check whether board is connected to system properly.
2. In case of zynq board, check whether Digilent/Xilinx cable switch settings are correct.
3. If you are using Xilinx Platform Cable USB, ensure that status LED is green.
03:55:24 INFO  : Connected to target on host '127.0.0.1' and port '3121'.
03:55:24 INFO  : Jtag cable 'Digilent Basys3 210183B822BFA' is selected.
03:55:24 INFO  : 'jtag frequency' command is executed.
03:55:24 INFO  : 'targets -set -filter {jtag_cable_name =~ "Digilent Basys3 210183B822BFA" && level==0 && jtag_device_ctx=="jsn-Basys3-210183B822BFA-0362d093-0"}' command is executed.
03:55:25 INFO  : Device configured successfully with "C:/Users/User/workspace/pmod_app/_ide/bitstream/design_1_wrapper.bit"
03:55:25 INFO  : Context for processor 'microblaze_0' is selected.
03:55:25 INFO  : Hardware design and registers information is loaded from 'C:/Users/User/workspace/design_1_wrapper/export/design_1_wrapper/hw/design_1_wrapper.xsa'.
03:55:25 INFO  : 'configparams mdm-detect-bscan-mask 2' command is executed.
03:55:25 INFO  : Context for processor 'microblaze_0' is selected.
03:55:25 INFO  : System reset is completed.
03:55:28 INFO  : 'after 3000' command is executed.
03:55:28 INFO  : Context for processor 'microblaze_0' is selected.
03:55:28 INFO  : The application 'C:/Users/User/workspace/pmod_app/Debug/pmod_app.elf' is downloaded to processor 'microblaze_0'.
03:55:28 INFO  : ----------------XSDB Script----------------
connect -url tcp:127.0.0.1:3121
targets -set -filter {jtag_cable_name =~ "Digilent Basys3 210183B822BFA" && level==0 && jtag_device_ctx=="jsn-Basys3-210183B822BFA-0362d093-0"}
fpga -file C:/Users/User/workspace/pmod_app/_ide/bitstream/design_1_wrapper.bit
targets -set -nocase -filter {name =~ "*microblaze*#0" && bscan=="USER2" }
loadhw -hw C:/Users/User/workspace/design_1_wrapper/export/design_1_wrapper/hw/design_1_wrapper.xsa -regs
configparams mdm-detect-bscan-mask 2
targets -set -nocase -filter {name =~ "*microblaze*#0" && bscan=="USER2" }
rst -system
after 3000
targets -set -nocase -filter {name =~ "*microblaze*#0" && bscan=="USER2" }
dow C:/Users/User/workspace/pmod_app/Debug/pmod_app.elf
----------------End of Script----------------

03:55:28 INFO  : Context for processor 'microblaze_0' is selected.
03:55:28 INFO  : 'con' command is executed.
03:55:28 INFO  : ----------------XSDB Script (After Launch)----------------
targets -set -nocase -filter {name =~ "*microblaze*#0" && bscan=="USER2" }
con
----------------End of Script----------------

03:55:28 INFO  : Launch script is exported to file 'C:\Users\User\workspace\pmod_app_system\_ide\scripts\debugger_pmod_app-default.tcl'
03:58:09 INFO  : Checking for BSP changes to sync application flags for project 'pmod_app'...
03:58:19 INFO  : Disconnected from the channel tcfchan#9.
03:58:20 INFO  : Connected to target on host '127.0.0.1' and port '3121'.
03:58:29 INFO  : ----------------XSDB Script----------------
connect -url tcp:127.0.0.1:3121
----------------End of Script----------------

03:58:29 ERROR : Could not find FPGA device on the board for connection 'Local'.


Troubleshooting hints:
1. Check whether board is connected to system properly.
2. In case of zynq board, check whether Digilent/Xilinx cable switch settings are correct.
3. If you are using Xilinx Platform Cable USB, ensure that status LED is green.
03:58:35 INFO  : Connected to target on host '127.0.0.1' and port '3121'.
03:58:35 INFO  : Jtag cable 'Digilent Basys3 210183B822BFA' is selected.
03:58:35 INFO  : 'jtag frequency' command is executed.
03:58:35 INFO  : 'targets -set -filter {jtag_cable_name =~ "Digilent Basys3 210183B822BFA" && level==0 && jtag_device_ctx=="jsn-Basys3-210183B822BFA-0362d093-0"}' command is executed.
03:58:37 INFO  : Device configured successfully with "C:/Users/User/workspace/pmod_app/_ide/bitstream/design_1_wrapper.bit"
03:58:37 INFO  : Context for processor 'microblaze_0' is selected.
03:58:37 INFO  : Hardware design and registers information is loaded from 'C:/Users/User/workspace/design_1_wrapper/export/design_1_wrapper/hw/design_1_wrapper.xsa'.
03:58:37 INFO  : 'configparams mdm-detect-bscan-mask 2' command is executed.
03:58:37 INFO  : Context for processor 'microblaze_0' is selected.
03:58:37 INFO  : System reset is completed.
03:58:40 INFO  : 'after 3000' command is executed.
03:58:40 INFO  : Context for processor 'microblaze_0' is selected.
03:58:40 INFO  : The application 'C:/Users/User/workspace/pmod_app/Debug/pmod_app.elf' is downloaded to processor 'microblaze_0'.
03:58:40 INFO  : ----------------XSDB Script----------------
connect -url tcp:127.0.0.1:3121
targets -set -filter {jtag_cable_name =~ "Digilent Basys3 210183B822BFA" && level==0 && jtag_device_ctx=="jsn-Basys3-210183B822BFA-0362d093-0"}
fpga -file C:/Users/User/workspace/pmod_app/_ide/bitstream/design_1_wrapper.bit
targets -set -nocase -filter {name =~ "*microblaze*#0" && bscan=="USER2" }
loadhw -hw C:/Users/User/workspace/design_1_wrapper/export/design_1_wrapper/hw/design_1_wrapper.xsa -regs
configparams mdm-detect-bscan-mask 2
targets -set -nocase -filter {name =~ "*microblaze*#0" && bscan=="USER2" }
rst -system
after 3000
targets -set -nocase -filter {name =~ "*microblaze*#0" && bscan=="USER2" }
dow C:/Users/User/workspace/pmod_app/Debug/pmod_app.elf
----------------End of Script----------------

03:58:40 INFO  : Context for processor 'microblaze_0' is selected.
03:58:40 INFO  : 'con' command is executed.
03:58:40 INFO  : ----------------XSDB Script (After Launch)----------------
targets -set -nocase -filter {name =~ "*microblaze*#0" && bscan=="USER2" }
con
----------------End of Script----------------

03:58:40 INFO  : Launch script is exported to file 'C:\Users\User\workspace\pmod_app_system\_ide\scripts\debugger_pmod_app-default.tcl'
04:01:09 INFO  : Checking for BSP changes to sync application flags for project 'pmod_app'...
04:01:38 INFO  : Checking for BSP changes to sync application flags for project 'pmod_app'...
04:07:25 INFO  : Checking for BSP changes to sync application flags for project 'pmod_app'...
04:10:08 INFO  : Checking for BSP changes to sync application flags for project 'pmod_app'...
04:13:17 INFO  : Checking for BSP changes to sync application flags for project 'pmod_app'...
04:13:27 INFO  : Checking for BSP changes to sync application flags for project 'pmod_app'...
04:14:04 INFO  : Checking for BSP changes to sync application flags for project 'pmod_app'...
04:14:16 INFO  : Disconnected from the channel tcfchan#10.
04:14:17 INFO  : Connected to target on host '127.0.0.1' and port '3121'.
04:14:26 INFO  : ----------------XSDB Script----------------
connect -url tcp:127.0.0.1:3121
----------------End of Script----------------

04:14:26 ERROR : Could not find FPGA device on the board for connection 'Local'.


Troubleshooting hints:
1. Check whether board is connected to system properly.
2. In case of zynq board, check whether Digilent/Xilinx cable switch settings are correct.
3. If you are using Xilinx Platform Cable USB, ensure that status LED is green.
04:14:38 INFO  : Connected to target on host '127.0.0.1' and port '3121'.
04:14:38 INFO  : Jtag cable 'Digilent Basys3 210183B822BFA' is selected.
04:14:38 INFO  : 'jtag frequency' command is executed.
04:14:38 INFO  : 'targets -set -filter {jtag_cable_name =~ "Digilent Basys3 210183B822BFA" && level==0 && jtag_device_ctx=="jsn-Basys3-210183B822BFA-0362d093-0"}' command is executed.
04:14:40 INFO  : Device configured successfully with "C:/Users/User/workspace/pmod_app/_ide/bitstream/design_1_wrapper.bit"
04:14:40 INFO  : Context for processor 'microblaze_0' is selected.
04:14:40 INFO  : Hardware design and registers information is loaded from 'C:/Users/User/workspace/design_1_wrapper/export/design_1_wrapper/hw/design_1_wrapper.xsa'.
04:14:40 INFO  : 'configparams mdm-detect-bscan-mask 2' command is executed.
04:14:40 INFO  : Context for processor 'microblaze_0' is selected.
04:14:40 INFO  : System reset is completed.
04:14:43 INFO  : 'after 3000' command is executed.
04:14:43 INFO  : Context for processor 'microblaze_0' is selected.
04:14:43 INFO  : The application 'C:/Users/User/workspace/pmod_app/Debug/pmod_app.elf' is downloaded to processor 'microblaze_0'.
04:14:43 INFO  : ----------------XSDB Script----------------
connect -url tcp:127.0.0.1:3121
targets -set -filter {jtag_cable_name =~ "Digilent Basys3 210183B822BFA" && level==0 && jtag_device_ctx=="jsn-Basys3-210183B822BFA-0362d093-0"}
fpga -file C:/Users/User/workspace/pmod_app/_ide/bitstream/design_1_wrapper.bit
targets -set -nocase -filter {name =~ "*microblaze*#0" && bscan=="USER2" }
loadhw -hw C:/Users/User/workspace/design_1_wrapper/export/design_1_wrapper/hw/design_1_wrapper.xsa -regs
configparams mdm-detect-bscan-mask 2
targets -set -nocase -filter {name =~ "*microblaze*#0" && bscan=="USER2" }
rst -system
after 3000
targets -set -nocase -filter {name =~ "*microblaze*#0" && bscan=="USER2" }
dow C:/Users/User/workspace/pmod_app/Debug/pmod_app.elf
----------------End of Script----------------

04:14:43 INFO  : Context for processor 'microblaze_0' is selected.
04:14:43 INFO  : 'con' command is executed.
04:14:43 INFO  : ----------------XSDB Script (After Launch)----------------
targets -set -nocase -filter {name =~ "*microblaze*#0" && bscan=="USER2" }
con
----------------End of Script----------------

04:14:43 INFO  : Launch script is exported to file 'C:\Users\User\workspace\pmod_app_system\_ide\scripts\debugger_pmod_app-default.tcl'
04:19:40 INFO  : Checking for BSP changes to sync application flags for project 'pmod_app'...
04:19:52 INFO  : Disconnected from the channel tcfchan#11.
04:19:53 INFO  : Connected to target on host '127.0.0.1' and port '3121'.
04:19:53 INFO  : Jtag cable 'Digilent Basys3 210183B822BFA' is selected.
04:19:53 INFO  : 'jtag frequency' command is executed.
04:19:53 INFO  : 'targets -set -filter {jtag_cable_name =~ "Digilent Basys3 210183B822BFA" && level==0 && jtag_device_ctx=="jsn-Basys3-210183B822BFA-0362d093-0"}' command is executed.
04:19:54 INFO  : Device configured successfully with "C:/Users/User/workspace/pmod_app/_ide/bitstream/design_1_wrapper.bit"
04:19:54 INFO  : Context for processor 'microblaze_0' is selected.
04:19:54 INFO  : Hardware design and registers information is loaded from 'C:/Users/User/workspace/design_1_wrapper/export/design_1_wrapper/hw/design_1_wrapper.xsa'.
04:19:54 INFO  : 'configparams mdm-detect-bscan-mask 2' command is executed.
04:19:54 INFO  : Context for processor 'microblaze_0' is selected.
04:19:54 INFO  : System reset is completed.
04:19:57 INFO  : 'after 3000' command is executed.
04:19:57 INFO  : Context for processor 'microblaze_0' is selected.
04:19:57 INFO  : The application 'C:/Users/User/workspace/pmod_app/Debug/pmod_app.elf' is downloaded to processor 'microblaze_0'.
04:19:57 INFO  : ----------------XSDB Script----------------
connect -url tcp:127.0.0.1:3121
targets -set -filter {jtag_cable_name =~ "Digilent Basys3 210183B822BFA" && level==0 && jtag_device_ctx=="jsn-Basys3-210183B822BFA-0362d093-0"}
fpga -file C:/Users/User/workspace/pmod_app/_ide/bitstream/design_1_wrapper.bit
targets -set -nocase -filter {name =~ "*microblaze*#0" && bscan=="USER2" }
loadhw -hw C:/Users/User/workspace/design_1_wrapper/export/design_1_wrapper/hw/design_1_wrapper.xsa -regs
configparams mdm-detect-bscan-mask 2
targets -set -nocase -filter {name =~ "*microblaze*#0" && bscan=="USER2" }
rst -system
after 3000
targets -set -nocase -filter {name =~ "*microblaze*#0" && bscan=="USER2" }
dow C:/Users/User/workspace/pmod_app/Debug/pmod_app.elf
----------------End of Script----------------

04:19:57 INFO  : Context for processor 'microblaze_0' is selected.
04:19:57 INFO  : 'con' command is executed.
04:19:57 INFO  : ----------------XSDB Script (After Launch)----------------
targets -set -nocase -filter {name =~ "*microblaze*#0" && bscan=="USER2" }
con
----------------End of Script----------------

04:19:57 INFO  : Launch script is exported to file 'C:\Users\User\workspace\pmod_app_system\_ide\scripts\debugger_pmod_app-default.tcl'
04:20:45 INFO  : Checking for BSP changes to sync application flags for project 'pmod_app'...
04:20:55 INFO  : Disconnected from the channel tcfchan#12.
04:20:56 INFO  : Connected to target on host '127.0.0.1' and port '3121'.
04:21:05 INFO  : ----------------XSDB Script----------------
connect -url tcp:127.0.0.1:3121
----------------End of Script----------------

04:21:05 ERROR : Could not find FPGA device on the board for connection 'Local'.


Troubleshooting hints:
1. Check whether board is connected to system properly.
2. In case of zynq board, check whether Digilent/Xilinx cable switch settings are correct.
3. If you are using Xilinx Platform Cable USB, ensure that status LED is green.
04:21:10 INFO  : Connected to target on host '127.0.0.1' and port '3121'.
04:21:10 INFO  : Jtag cable 'Digilent Basys3 210183B822BFA' is selected.
04:21:10 INFO  : 'jtag frequency' command is executed.
04:21:10 INFO  : 'targets -set -filter {jtag_cable_name =~ "Digilent Basys3 210183B822BFA" && level==0 && jtag_device_ctx=="jsn-Basys3-210183B822BFA-0362d093-0"}' command is executed.
04:21:12 INFO  : Device configured successfully with "C:/Users/User/workspace/pmod_app/_ide/bitstream/design_1_wrapper.bit"
04:21:12 INFO  : Context for processor 'microblaze_0' is selected.
04:21:12 INFO  : Hardware design and registers information is loaded from 'C:/Users/User/workspace/design_1_wrapper/export/design_1_wrapper/hw/design_1_wrapper.xsa'.
04:21:12 INFO  : 'configparams mdm-detect-bscan-mask 2' command is executed.
04:21:12 INFO  : Context for processor 'microblaze_0' is selected.
04:21:12 INFO  : System reset is completed.
04:21:15 INFO  : 'after 3000' command is executed.
04:21:15 INFO  : Context for processor 'microblaze_0' is selected.
04:21:15 INFO  : The application 'C:/Users/User/workspace/pmod_app/Debug/pmod_app.elf' is downloaded to processor 'microblaze_0'.
04:21:15 INFO  : ----------------XSDB Script----------------
connect -url tcp:127.0.0.1:3121
targets -set -filter {jtag_cable_name =~ "Digilent Basys3 210183B822BFA" && level==0 && jtag_device_ctx=="jsn-Basys3-210183B822BFA-0362d093-0"}
fpga -file C:/Users/User/workspace/pmod_app/_ide/bitstream/design_1_wrapper.bit
targets -set -nocase -filter {name =~ "*microblaze*#0" && bscan=="USER2" }
loadhw -hw C:/Users/User/workspace/design_1_wrapper/export/design_1_wrapper/hw/design_1_wrapper.xsa -regs
configparams mdm-detect-bscan-mask 2
targets -set -nocase -filter {name =~ "*microblaze*#0" && bscan=="USER2" }
rst -system
after 3000
targets -set -nocase -filter {name =~ "*microblaze*#0" && bscan=="USER2" }
dow C:/Users/User/workspace/pmod_app/Debug/pmod_app.elf
----------------End of Script----------------

04:21:15 INFO  : Context for processor 'microblaze_0' is selected.
04:21:15 INFO  : 'con' command is executed.
04:21:15 INFO  : ----------------XSDB Script (After Launch)----------------
targets -set -nocase -filter {name =~ "*microblaze*#0" && bscan=="USER2" }
con
----------------End of Script----------------

04:21:15 INFO  : Launch script is exported to file 'C:\Users\User\workspace\pmod_app_system\_ide\scripts\debugger_pmod_app-default.tcl'
04:24:43 INFO  : Checking for BSP changes to sync application flags for project 'pmod_app'...
04:24:50 INFO  : Disconnected from the channel tcfchan#13.
04:24:51 INFO  : Connected to target on host '127.0.0.1' and port '3121'.
04:24:52 INFO  : Jtag cable 'Digilent Basys3 210183B822BFA' is selected.
04:24:52 INFO  : 'jtag frequency' command is executed.
04:24:52 INFO  : 'targets -set -filter {jtag_cable_name =~ "Digilent Basys3 210183B822BFA" && level==0 && jtag_device_ctx=="jsn-Basys3-210183B822BFA-0362d093-0"}' command is executed.
04:24:53 INFO  : Device configured successfully with "C:/Users/User/workspace/pmod_app/_ide/bitstream/design_1_wrapper.bit"
04:24:53 INFO  : Context for processor 'microblaze_0' is selected.
04:24:53 INFO  : Hardware design and registers information is loaded from 'C:/Users/User/workspace/design_1_wrapper/export/design_1_wrapper/hw/design_1_wrapper.xsa'.
04:24:53 INFO  : 'configparams mdm-detect-bscan-mask 2' command is executed.
04:24:53 INFO  : Context for processor 'microblaze_0' is selected.
04:24:53 INFO  : System reset is completed.
04:24:56 INFO  : 'after 3000' command is executed.
04:24:56 INFO  : Context for processor 'microblaze_0' is selected.
04:24:56 INFO  : The application 'C:/Users/User/workspace/pmod_app/Debug/pmod_app.elf' is downloaded to processor 'microblaze_0'.
04:24:56 INFO  : ----------------XSDB Script----------------
connect -url tcp:127.0.0.1:3121
targets -set -filter {jtag_cable_name =~ "Digilent Basys3 210183B822BFA" && level==0 && jtag_device_ctx=="jsn-Basys3-210183B822BFA-0362d093-0"}
fpga -file C:/Users/User/workspace/pmod_app/_ide/bitstream/design_1_wrapper.bit
targets -set -nocase -filter {name =~ "*microblaze*#0" && bscan=="USER2" }
loadhw -hw C:/Users/User/workspace/design_1_wrapper/export/design_1_wrapper/hw/design_1_wrapper.xsa -regs
configparams mdm-detect-bscan-mask 2
targets -set -nocase -filter {name =~ "*microblaze*#0" && bscan=="USER2" }
rst -system
after 3000
targets -set -nocase -filter {name =~ "*microblaze*#0" && bscan=="USER2" }
dow C:/Users/User/workspace/pmod_app/Debug/pmod_app.elf
----------------End of Script----------------

04:24:56 INFO  : Context for processor 'microblaze_0' is selected.
04:24:56 INFO  : 'con' command is executed.
04:24:56 INFO  : ----------------XSDB Script (After Launch)----------------
targets -set -nocase -filter {name =~ "*microblaze*#0" && bscan=="USER2" }
con
----------------End of Script----------------

04:24:56 INFO  : Launch script is exported to file 'C:\Users\User\workspace\pmod_app_system\_ide\scripts\debugger_pmod_app-default.tcl'
04:33:08 INFO  : Checking for BSP changes to sync application flags for project 'pmod_app'...
04:33:27 INFO  : Disconnected from the channel tcfchan#14.
04:33:28 INFO  : Connected to target on host '127.0.0.1' and port '3121'.
04:33:37 INFO  : ----------------XSDB Script----------------
connect -url tcp:127.0.0.1:3121
----------------End of Script----------------

04:33:37 ERROR : Could not find FPGA device on the board for connection 'Local'.


Troubleshooting hints:
1. Check whether board is connected to system properly.
2. In case of zynq board, check whether Digilent/Xilinx cable switch settings are correct.
3. If you are using Xilinx Platform Cable USB, ensure that status LED is green.
04:33:51 INFO  : Connected to target on host '127.0.0.1' and port '3121'.
04:33:51 INFO  : Jtag cable 'Digilent Basys3 210183B822BFA' is selected.
04:33:51 INFO  : 'jtag frequency' command is executed.
04:33:51 INFO  : 'targets -set -filter {jtag_cable_name =~ "Digilent Basys3 210183B822BFA" && level==0 && jtag_device_ctx=="jsn-Basys3-210183B822BFA-0362d093-0"}' command is executed.
04:33:53 INFO  : Device configured successfully with "C:/Users/User/workspace/pmod_app/_ide/bitstream/design_1_wrapper.bit"
04:33:53 INFO  : Context for processor 'microblaze_0' is selected.
04:33:53 INFO  : Hardware design and registers information is loaded from 'C:/Users/User/workspace/design_1_wrapper/export/design_1_wrapper/hw/design_1_wrapper.xsa'.
04:33:53 INFO  : 'configparams mdm-detect-bscan-mask 2' command is executed.
04:33:53 INFO  : Context for processor 'microblaze_0' is selected.
04:33:53 INFO  : System reset is completed.
04:33:56 INFO  : 'after 3000' command is executed.
04:33:56 INFO  : Context for processor 'microblaze_0' is selected.
04:33:56 INFO  : The application 'C:/Users/User/workspace/pmod_app/Debug/pmod_app.elf' is downloaded to processor 'microblaze_0'.
04:33:56 INFO  : ----------------XSDB Script----------------
connect -url tcp:127.0.0.1:3121
targets -set -filter {jtag_cable_name =~ "Digilent Basys3 210183B822BFA" && level==0 && jtag_device_ctx=="jsn-Basys3-210183B822BFA-0362d093-0"}
fpga -file C:/Users/User/workspace/pmod_app/_ide/bitstream/design_1_wrapper.bit
targets -set -nocase -filter {name =~ "*microblaze*#0" && bscan=="USER2" }
loadhw -hw C:/Users/User/workspace/design_1_wrapper/export/design_1_wrapper/hw/design_1_wrapper.xsa -regs
configparams mdm-detect-bscan-mask 2
targets -set -nocase -filter {name =~ "*microblaze*#0" && bscan=="USER2" }
rst -system
after 3000
targets -set -nocase -filter {name =~ "*microblaze*#0" && bscan=="USER2" }
dow C:/Users/User/workspace/pmod_app/Debug/pmod_app.elf
----------------End of Script----------------

04:33:56 INFO  : Context for processor 'microblaze_0' is selected.
04:33:56 INFO  : 'con' command is executed.
04:33:56 INFO  : ----------------XSDB Script (After Launch)----------------
targets -set -nocase -filter {name =~ "*microblaze*#0" && bscan=="USER2" }
con
----------------End of Script----------------

04:33:56 INFO  : Launch script is exported to file 'C:\Users\User\workspace\pmod_app_system\_ide\scripts\debugger_pmod_app-default.tcl'
04:35:17 INFO  : Checking for BSP changes to sync application flags for project 'pmod_app'...
04:35:28 INFO  : Disconnected from the channel tcfchan#15.
04:35:29 INFO  : Connected to target on host '127.0.0.1' and port '3121'.
04:35:29 INFO  : Jtag cable 'Digilent Basys3 210183B822BFA' is selected.
04:35:29 INFO  : 'jtag frequency' command is executed.
04:35:29 INFO  : 'targets -set -filter {jtag_cable_name =~ "Digilent Basys3 210183B822BFA" && level==0 && jtag_device_ctx=="jsn-Basys3-210183B822BFA-0362d093-0"}' command is executed.
04:35:30 INFO  : Device configured successfully with "C:/Users/User/workspace/pmod_app/_ide/bitstream/design_1_wrapper.bit"
04:35:30 INFO  : Context for processor 'microblaze_0' is selected.
04:35:30 INFO  : Hardware design and registers information is loaded from 'C:/Users/User/workspace/design_1_wrapper/export/design_1_wrapper/hw/design_1_wrapper.xsa'.
04:35:30 INFO  : 'configparams mdm-detect-bscan-mask 2' command is executed.
04:35:30 INFO  : Context for processor 'microblaze_0' is selected.
04:35:30 INFO  : System reset is completed.
04:35:33 INFO  : 'after 3000' command is executed.
04:35:33 INFO  : Context for processor 'microblaze_0' is selected.
04:35:34 INFO  : The application 'C:/Users/User/workspace/pmod_app/Debug/pmod_app.elf' is downloaded to processor 'microblaze_0'.
04:35:34 INFO  : ----------------XSDB Script----------------
connect -url tcp:127.0.0.1:3121
targets -set -filter {jtag_cable_name =~ "Digilent Basys3 210183B822BFA" && level==0 && jtag_device_ctx=="jsn-Basys3-210183B822BFA-0362d093-0"}
fpga -file C:/Users/User/workspace/pmod_app/_ide/bitstream/design_1_wrapper.bit
targets -set -nocase -filter {name =~ "*microblaze*#0" && bscan=="USER2" }
loadhw -hw C:/Users/User/workspace/design_1_wrapper/export/design_1_wrapper/hw/design_1_wrapper.xsa -regs
configparams mdm-detect-bscan-mask 2
targets -set -nocase -filter {name =~ "*microblaze*#0" && bscan=="USER2" }
rst -system
after 3000
targets -set -nocase -filter {name =~ "*microblaze*#0" && bscan=="USER2" }
dow C:/Users/User/workspace/pmod_app/Debug/pmod_app.elf
----------------End of Script----------------

04:35:34 INFO  : Context for processor 'microblaze_0' is selected.
04:35:34 INFO  : 'con' command is executed.
04:35:34 INFO  : ----------------XSDB Script (After Launch)----------------
targets -set -nocase -filter {name =~ "*microblaze*#0" && bscan=="USER2" }
con
----------------End of Script----------------

04:35:34 INFO  : Launch script is exported to file 'C:\Users\User\workspace\pmod_app_system\_ide\scripts\debugger_pmod_app-default.tcl'
04:48:03 INFO  : Disconnected from the channel tcfchan#16.
